[ 2016-07-02T01:42:08+08:00 ] ::1 /WD/
INFO: [ app_init ] --START--
INFO: Run Behavior\BuildLiteBehavior [ RunTime:0.000019s ]
INFO: [ app_init ] --END-- [ RunTime:0.000496s ]
INFO: [ app_begin ] --START--
INFO: Run Behavior\ReadHtmlCacheBehavior [ RunTime:0.000619s ]
INFO: [ app_begin ] --END-- [ RunTime:0.000694s ]
INFO: [ view_parse ] --START--
INFO: [ template_filter ] --START--
INFO: Run Behavior\ContentReplaceBehavior [ RunTime:0.000060s ]
INFO: [ template_filter ] --END-- [ RunTime:0.000140s ]
INFO: Run Behavior\ParseTemplateBehavior [ RunTime:0.030776s ]
INFO: [ view_parse ] --END-- [ RunTime:0.030854s ]
INFO: [ view_filter ] --START--
INFO: Run Behavior\WriteHtmlCacheBehavior [ RunTime:0.000473s ]
INFO: [ view_filter ] --END-- [ RunTime:0.000529s ]
INFO: [ app_end ] --START--
INFO: Run Behavior\ShowPageTraceBehavior [ RunTime:0.000809s ]
INFO: [ app_end ] --END-- [ RunTime:0.000870s ]

[ 2016-07-02T01:43:06+08:00 ] ::1 /WD/
INFO: [ app_init ] --START--
INFO: Run Behavior\BuildLiteBehavior [ RunTime:0.000017s ]
INFO: [ app_init ] --END-- [ RunTime:0.000603s ]
INFO: [ app_begin ] --START--
INFO: Run Behavior\ReadHtmlCacheBehavior [ RunTime:0.000628s ]
INFO: [ app_begin ] --END-- [ RunTime:0.000696s ]
INFO: [ view_parse ] --START--
INFO: [ template_filter ] --START--
INFO: Run Behavior\ContentReplaceBehavior [ RunTime:0.000090s ]
INFO: [ template_filter ] --END-- [ RunTime:0.000161s ]
INFO: Run Behavior\ParseTemplateBehavior [ RunTime:0.007445s ]
INFO: [ view_parse ] --END-- [ RunTime:0.007514s ]
INFO: [ view_filter ] --START--
INFO: Run Behavior\WriteHtmlCacheBehavior [ RunTime:0.000472s ]
INFO: [ view_filter ] --END-- [ RunTime:0.000528s ]
INFO: [ app_end ] --START--
INFO: Run Behavior\ShowPageTraceBehavior [ RunTime:0.000897s ]
INFO: [ app_end ] --END-- [ RunTime:0.000964s ]

[ 2016-07-02T01:45:19+08:00 ] ::1 /WD/
INFO: [ app_init ] --START--
INFO: Run Behavior\BuildLiteBehavior [ RunTime:0.000028s ]
INFO: [ app_init ] --END-- [ RunTime:0.000782s ]
INFO: [ app_begin ] --START--
INFO: Run Behavior\ReadHtmlCacheBehavior [ RunTime:0.000856s ]
INFO: [ app_begin ] --END-- [ RunTime:0.000966s ]
INFO: [ view_parse ] --START--
INFO: [ template_filter ] --START--
INFO: Run Behavior\ContentReplaceBehavior [ RunTime:0.000077s ]
INFO: [ template_filter ] --END-- [ RunTime:0.000157s ]
INFO: Run Behavior\ParseTemplateBehavior [ RunTime:0.007231s ]
INFO: [ view_parse ] --END-- [ RunTime:0.007314s ]
INFO: [ view_filter ] --START--
INFO: Run Behavior\WriteHtmlCacheBehavior [ RunTime:0.000397s ]
INFO: [ view_filter ] --END-- [ RunTime:0.000454s ]
INFO: [ app_end ] --START--
INFO: Run Behavior\ShowPageTraceBehavior [ RunTime:0.000744s ]
INFO: [ app_end ] --END-- [ RunTime:0.000808s ]

[ 2016-07-02T19:57:39+08:00 ] ::1 /WD/
INFO: [ app_init ] --START--
INFO: Run Behavior\BuildLiteBehavior [ RunTime:0.000019s ]
INFO: [ app_init ] --END-- [ RunTime:0.000624s ]
INFO: [ app_begin ] --START--
INFO: Run Behavior\ReadHtmlCacheBehavior [ RunTime:0.000710s ]
INFO: [ app_begin ] --END-- [ RunTime:0.000797s ]
INFO: [ view_parse ] --START--
INFO: [ template_filter ] --START--
INFO: Run Behavior\ContentReplaceBehavior [ RunTime:0.000055s ]
INFO: [ template_filter ] --END-- [ RunTime:0.000126s ]
INFO: Run Behavior\ParseTemplateBehavior [ RunTime:0.022290s ]
INFO: [ view_parse ] --END-- [ RunTime:0.022367s ]
INFO: [ view_filter ] --START--
INFO: Run Behavior\WriteHtmlCacheBehavior [ RunTime:0.000504s ]
INFO: [ view_filter ] --END-- [ RunTime:0.000560s ]
INFO: [ app_end ] --START--
INFO: Run Behavior\ShowPageTraceBehavior [ RunTime:0.000813s ]
INFO: [ app_end ] --END-- [ RunTime:0.000873s ]

[ 2016-07-02T20:38:27+08:00 ] ::1 /WD/
INFO: [ app_init ] --START--
INFO: Run Behavior\BuildLiteBehavior [ RunTime:0.000020s ]
INFO: [ app_init ] --END-- [ RunTime:0.000509s ]
INFO: [ app_begin ] --START--
INFO: Run Behavior\ReadHtmlCacheBehavior [ RunTime:0.000647s ]
INFO: [ app_begin ] --END-- [ RunTime:0.000728s ]
INFO: [ view_parse ] --START--
INFO: [ template_filter ] --START--
INFO: Run Behavior\ContentReplaceBehavior [ RunTime:0.000062s ]
INFO: [ template_filter ] --END-- [ RunTime:0.000144s ]
INFO: Run Behavior\ParseTemplateBehavior [ RunTime:0.007328s ]
INFO: [ view_parse ] --END-- [ RunTime:0.007410s ]
INFO: [ view_filter ] --START--
INFO: Run Behavior\WriteHtmlCacheBehavior [ RunTime:0.000525s ]
INFO: [ view_filter ] --END-- [ RunTime:0.000588s ]
INFO: [ app_end ] --START--
INFO: Run Behavior\ShowPageTraceBehavior [ RunTime:0.000754s ]
INFO: [ app_end ] --END-- [ RunTime:0.000850s ]

[ 2016-07-02T20:38:48+08:00 ] ::1 /WD/
INFO: [ app_init ] --START--
INFO: Run Behavior\BuildLiteBehavior [ RunTime:0.000019s ]
INFO: [ app_init ] --END-- [ RunTime:0.000495s ]
INFO: [ app_begin ] --START--
INFO: Run Behavior\ReadHtmlCacheBehavior [ RunTime:0.000624s ]
INFO: [ app_begin ] --END-- [ RunTime:0.000696s ]
INFO: [ view_parse ] --START--
INFO: [ template_filter ] --START--
INFO: Run Behavior\ContentReplaceBehavior [ RunTime:0.000060s ]
INFO: [ template_filter ] --END-- [ RunTime:0.000139s ]
INFO: Run Behavior\ParseTemplateBehavior [ RunTime:0.007220s ]
INFO: [ view_parse ] --END-- [ RunTime:0.007376s ]
INFO: [ view_filter ] --START--
INFO: Run Behavior\WriteHtmlCacheBehavior [ RunTime:0.000577s ]
INFO: [ view_filter ] --END-- [ RunTime:0.000646s ]
INFO: [ app_end ] --START--
INFO: Run Behavior\ShowPageTraceBehavior [ RunTime:0.001043s ]
INFO: [ app_end ] --END-- [ RunTime:0.001121s ]

[ 2016-07-02T20:40:49+08:00 ] ::1 /WD/
INFO: [ app_init ] --START--
INFO: Run Behavior\BuildLiteBehavior [ RunTime:0.000017s ]
INFO: [ app_init ] --END-- [ RunTime:0.000471s ]
INFO: [ app_begin ] --START--
INFO: Run Behavior\ReadHtmlCacheBehavior [ RunTime:0.000585s ]
INFO: [ app_begin ] --END-- [ RunTime:0.000648s ]
INFO: [ view_parse ] --START--
INFO: [ template_filter ] --START--
INFO: Run Behavior\ContentReplaceBehavior [ RunTime:0.000089s ]
INFO: [ template_filter ] --END-- [ RunTime:0.000187s ]
INFO: Run Behavior\ParseTemplateBehavior [ RunTime:0.007390s ]
INFO: [ view_parse ] --END-- [ RunTime:0.007501s ]
INFO: [ view_filter ] --START--
INFO: Run Behavior\WriteHtmlCacheBehavior [ RunTime:0.000638s ]
INFO: [ view_filter ] --END-- [ RunTime:0.000715s ]
INFO: [ app_end ] --START--
INFO: Run Behavior\ShowPageTraceBehavior [ RunTime:0.000777s ]
INFO: [ app_end ] --END-- [ RunTime:0.000845s ]

[ 2016-07-02T20:41:15+08:00 ] ::1 /WD/
INFO: [ app_init ] --START--
INFO: Run Behavior\BuildLiteBehavior [ RunTime:0.000018s ]
INFO: [ app_init ] --END-- [ RunTime:0.000521s ]
INFO: [ app_begin ] --START--
INFO: Run Behavior\ReadHtmlCacheBehavior [ RunTime:0.000798s ]
INFO: [ app_begin ] --END-- [ RunTime:0.000863s ]
INFO: [ view_parse ] --START--
INFO: [ template_filter ] --START--
INFO: Run Behavior\ContentReplaceBehavior [ RunTime:0.000054s ]
INFO: [ template_filter ] --END-- [ RunTime:0.000137s ]
INFO: Run Behavior\ParseTemplateBehavior [ RunTime:0.007678s ]
INFO: [ view_parse ] --END-- [ RunTime:0.007768s ]
INFO: [ view_filter ] --START--
INFO: Run Behavior\WriteHtmlCacheBehavior [ RunTime:0.000631s ]
INFO: [ view_filter ] --END-- [ RunTime:0.000688s ]
INFO: [ app_end ] --START--
INFO: Run Behavior\ShowPageTraceBehavior [ RunTime:0.000756s ]
INFO: [ app_end ] --END-- [ RunTime:0.000852s ]

[ 2016-07-02T20:42:12+08:00 ] ::1 /WD/
INFO: [ app_init ] --START--
INFO: Run Behavior\BuildLiteBehavior [ RunTime:0.000019s ]
INFO: [ app_init ] --END-- [ RunTime:0.000509s ]
INFO: [ app_begin ] --START--
INFO: Run Behavior\ReadHtmlCacheBehavior [ RunTime:0.000592s ]
INFO: [ app_begin ] --END-- [ RunTime:0.000655s ]
INFO: [ view_parse ] --START--
INFO: [ template_filter ] --START--
INFO: Run Behavior\ContentReplaceBehavior [ RunTime:0.000054s ]
INFO: [ template_filter ] --END-- [ RunTime:0.000123s ]
INFO: Run Behavior\ParseTemplateBehavior [ RunTime:0.007318s ]
INFO: [ view_parse ] --END-- [ RunTime:0.007395s ]
INFO: [ view_filter ] --START--
INFO: Run Behavior\WriteHtmlCacheBehavior [ RunTime:0.000516s ]
INFO: [ view_filter ] --END-- [ RunTime:0.000569s ]
INFO: [ app_end ] --START--
INFO: Run Behavior\ShowPageTraceBehavior [ RunTime:0.000713s ]
INFO: [ app_end ] --END-- [ RunTime:0.000770s ]

[ 2016-07-02T20:44:44+08:00 ] ::1 /WD/
INFO: [ app_init ] --START--
INFO: Run Behavior\BuildLiteBehavior [ RunTime:0.000027s ]
INFO: [ app_init ] --END-- [ RunTime:0.000701s ]
INFO: [ app_begin ] --START--
INFO: Run Behavior\ReadHtmlCacheBehavior [ RunTime:0.001262s ]
INFO: [ app_begin ] --END-- [ RunTime:0.001391s ]
INFO: [ view_parse ] --START--
INFO: [ template_filter ] --START--
INFO: Run Behavior\ContentReplaceBehavior [ RunTime:0.000067s ]
INFO: [ template_filter ] --END-- [ RunTime:0.000152s ]
INFO: Run Behavior\ParseTemplateBehavior [ RunTime:0.009641s ]
INFO: [ view_parse ] --END-- [ RunTime:0.009819s ]
INFO: [ view_filter ] --START--
INFO: Run Behavior\WriteHtmlCacheBehavior [ RunTime:0.000661s ]
INFO: [ view_filter ] --END-- [ RunTime:0.000752s ]
INFO: [ app_end ] --START--
INFO: Run Behavior\ShowPageTraceBehavior [ RunTime:0.000883s ]
INFO: [ app_end ] --END-- [ RunTime:0.000968s ]

[ 2016-07-02T21:16:53+08:00 ] ::1 /WD/
INFO: [ app_init ] --START--
INFO: Run Behavior\BuildLiteBehavior [ RunTime:0.000019s ]
INFO: [ app_init ] --END-- [ RunTime:0.000602s ]
INFO: [ app_begin ] --START--
INFO: Run Behavior\ReadHtmlCacheBehavior [ RunTime:0.000685s ]
INFO: [ app_begin ] --END-- [ RunTime:0.000756s ]
INFO: [ view_parse ] --START--
INFO: [ template_filter ] --START--
INFO: Run Behavior\ContentReplaceBehavior [ RunTime:0.000072s ]
INFO: [ template_filter ] --END-- [ RunTime:0.000177s ]
INFO: Run Behavior\ParseTemplateBehavior [ RunTime:0.009107s ]
INFO: [ view_parse ] --END-- [ RunTime:0.009187s ]
INFO: [ view_filter ] --START--
INFO: Run Behavior\WriteHtmlCacheBehavior [ RunTime:0.000508s ]
INFO: [ view_filter ] --END-- [ RunTime:0.000569s ]
INFO: [ app_end ] --START--
INFO: Run Behavior\ShowPageTraceBehavior [ RunTime:0.000775s ]
INFO: [ app_end ] --END-- [ RunTime:0.000855s ]

[ 2016-07-02T21:17:17+08:00 ] ::1 /WD/
INFO: [ app_init ] --START--
INFO: Run Behavior\BuildLiteBehavior [ RunTime:0.000028s ]
INFO: [ app_init ] --END-- [ RunTime:0.000787s ]
INFO: [ app_begin ] --START--
INFO: Run Behavior\ReadHtmlCacheBehavior [ RunTime:0.000878s ]
INFO: [ app_begin ] --END-- [ RunTime:0.000951s ]
INFO: [ view_parse ] --START--
INFO: [ template_filter ] --START--
INFO: Run Behavior\ContentReplaceBehavior [ RunTime:0.000088s ]
INFO: [ template_filter ] --END-- [ RunTime:0.000232s ]
INFO: Run Behavior\ParseTemplateBehavior [ RunTime:0.008585s ]
INFO: [ view_parse ] --END-- [ RunTime:0.008668s ]
INFO: [ view_filter ] --START--
INFO: Run Behavior\WriteHtmlCacheBehavior [ RunTime:0.000711s ]
INFO: [ view_filter ] --END-- [ RunTime:0.000772s ]
INFO: [ app_end ] --START--
INFO: Run Behavior\ShowPageTraceBehavior [ RunTime:0.000921s ]
INFO: [ app_end ] --END-- [ RunTime:0.000983s ]

