[ 2016-07-06T01:11:00+08:00 ] ::1 /WD/index.php?m=index&c=index
INFO: [ app_init ] --START--
INFO: Run Behavior\BuildLiteBehavior [ RunTime:0.000018s ]
INFO: [ app_init ] --END-- [ RunTime:0.000604s ]
ERR: 无法加载模块:Index

[ 2016-07-06T17:49:56+08:00 ] ::1 /WD/index.php?m=index&c=index&a=buildHtml
INFO: [ app_init ] --START--
INFO: Run Behavior\BuildLiteBehavior [ RunTime:0.000018s ]
INFO: [ app_init ] --END-- [ RunTime:0.000516s ]
ERR: 无法加载模块:Index

[ 2016-07-06T17:51:41+08:00 ] ::1 /WD/index.php?m=index&c=index&a=buildHtml
INFO: [ app_init ] --START--
INFO: Run Behavior\BuildLiteBehavior [ RunTime:0.000017s ]
INFO: [ app_init ] --END-- [ RunTime:0.000461s ]
ERR: 无法加载模块:Index

[ 2016-07-06T17:51:43+08:00 ] ::1 /WD/index.php?m=index&c=index&a=buildHtml
INFO: [ app_init ] --START--
INFO: Run Behavior\BuildLiteBehavior [ RunTime:0.000018s ]
INFO: [ app_init ] --END-- [ RunTime:0.000487s ]
ERR: 无法加载模块:Index

[ 2016-07-06T17:51:44+08:00 ] ::1 /WD/index.php?m=index&c=index&a=buildHtml
INFO: [ app_init ] --START--
INFO: Run Behavior\BuildLiteBehavior [ RunTime:0.000019s ]
INFO: [ app_init ] --END-- [ RunTime:0.000524s ]
ERR: 无法加载模块:Index

