[ 2017-04-30T21:59:13+08:00 ] ::1 /TP_imooc_me/index.php/upload/2016/07/06/577d0e634a2ec.gif
INFO: [ app_init ] --START--
INFO: Run Behavior\BuildLiteBehavior [ RunTime:0.000028s ]
INFO: [ app_init ] --END-- [ RunTime:0.000874s ]
ERR: 无法加载模块:Upload

[ 2017-04-30T21:59:13+08:00 ] ::1 /TP_imooc_me/index.php/upload/2016/07/06/577d0ee461c32.png
INFO: [ app_init ] --START--
INFO: Run Behavior\BuildLiteBehavior [ RunTime:0.000030s ]
INFO: [ app_init ] --END-- [ RunTime:0.001105s ]
ERR: 无法加载模块:Upload

[ 2017-04-30T21:59:13+08:00 ] ::1 /TP_imooc_me/index.php/Public/js/jquery.js
INFO: [ app_init ] --START--
INFO: Run Behavior\BuildLiteBehavior [ RunTime:0.000028s ]
INFO: [ app_init ] --END-- [ RunTime:0.000732s ]
ERR: 无法加载模块:Public

[ 2017-04-30T21:59:13+08:00 ] ::1 /TP_imooc_me/index.php/upload/2016/07/02/5777becac0cb2.jpg
INFO: [ app_init ] --START--
INFO: Run Behavior\BuildLiteBehavior [ RunTime:0.000027s ]
INFO: [ app_init ] --END-- [ RunTime:0.000778s ]
ERR: 无法加载模块:Upload

[ 2017-04-30T21:59:13+08:00 ] ::1 /TP_imooc_me/index.php/upload/2016/07/06/577d0ed864f7d.png
INFO: [ app_init ] --START--
INFO: Run Behavior\BuildLiteBehavior [ RunTime:0.000032s ]
INFO: [ app_init ] --END-- [ RunTime:0.002411s ]
ERR: 无法加载模块:Upload

[ 2017-04-30T21:59:13+08:00 ] ::1 /TP_imooc_me/index.php/Public/js/count.js
INFO: [ app_init ] --START--
INFO: Run Behavior\BuildLiteBehavior [ RunTime:0.000029s ]
INFO: [ app_init ] --END-- [ RunTime:0.000714s ]
ERR: 无法加载模块:Public

[ 2017-04-30T21:59:13+08:00 ] ::1 /TP_imooc_me/index.php/upload/2016/08/18/57b5bc8cc6364.png
INFO: [ app_init ] --START--
INFO: Run Behavior\BuildLiteBehavior [ RunTime:0.000024s ]
INFO: [ app_init ] --END-- [ RunTime:0.000686s ]
ERR: 无法加载模块:Upload

[ 2017-04-30T21:59:13+08:00 ] ::1 /TP_imooc_me/index.php/upload/2016/07/06/577d0ef1e7594.png
INFO: [ app_init ] --START--
INFO: Run Behavior\BuildLiteBehavior [ RunTime:0.000018s ]
INFO: [ app_init ] --END-- [ RunTime:0.000495s ]
ERR: 无法加载模块:Upload

[ 2017-04-30T21:59:13+08:00 ] ::1 /TP_imooc_me/index.php/upload/2016/07/06/577d1042cec4c.jpg
INFO: [ app_init ] --START--
INFO: Run Behavior\BuildLiteBehavior [ RunTime:0.000027s ]
INFO: [ app_init ] --END-- [ RunTime:0.000738s ]
ERR: 无法加载模块:Upload

[ 2017-04-30T21:59:13+08:00 ] ::1 /TP_imooc_me/index.php/upload/2016/07/06/577d100d7c4f5.jpg
INFO: [ app_init ] --START--
INFO: Run Behavior\BuildLiteBehavior [ RunTime:0.000026s ]
INFO: [ app_init ] --END-- [ RunTime:0.000736s ]
ERR: 无法加载模块:Upload

[ 2017-04-30T21:59:13+08:00 ] ::1 /TP_imooc_me/index.php/upload/2016/07/06/577d0fe768caa.jpg
INFO: [ app_init ] --START--
INFO: Run Behavior\BuildLiteBehavior [ RunTime:0.000028s ]
INFO: [ app_init ] --END-- [ RunTime:0.000719s ]
ERR: 无法加载模块:Upload

[ 2017-04-30T21:59:13+08:00 ] ::1 /TP_imooc_me/index.php/upload/2016/07/06/577d102ca949f.jpg
INFO: [ app_init ] --START--
INFO: Run Behavior\BuildLiteBehavior [ RunTime:0.000030s ]
INFO: [ app_init ] --END-- [ RunTime:0.000807s ]
ERR: 无法加载模块:Upload

[ 2017-04-30T21:59:13+08:00 ] ::1 /TP_imooc_me/index.php/upload/2016/07/06/577d0ffd82d69.jpg
INFO: [ app_init ] --START--
INFO: Run Behavior\BuildLiteBehavior [ RunTime:0.000018s ]
INFO: [ app_init ] --END-- [ RunTime:0.000543s ]
ERR: 无法加载模块:Upload

[ 2017-04-30T21:59:19+08:00 ] ::1 /TP_imooc_me/index.php/upload/2016/07/06/577d0e634a2ec.gif
INFO: [ app_init ] --START--
INFO: Run Behavior\BuildLiteBehavior [ RunTime:0.000028s ]
INFO: [ app_init ] --END-- [ RunTime:0.000727s ]
ERR: 无法加载模块:Upload

[ 2017-04-30T21:59:19+08:00 ] ::1 /TP_imooc_me/index.php/upload/2016/07/06/577d0ee461c32.png
INFO: [ app_init ] --START--
INFO: Run Behavior\BuildLiteBehavior [ RunTime:0.000027s ]
INFO: [ app_init ] --END-- [ RunTime:0.000769s ]
ERR: 无法加载模块:Upload

[ 2017-04-30T21:59:19+08:00 ] ::1 /TP_imooc_me/index.php/upload/2016/07/06/577d0ef1e7594.png
INFO: [ app_init ] --START--
INFO: Run Behavior\BuildLiteBehavior [ RunTime:0.000033s ]
INFO: [ app_init ] --END-- [ RunTime:0.002853s ]
ERR: 无法加载模块:Upload

[ 2017-04-30T21:59:19+08:00 ] ::1 /TP_imooc_me/index.php/upload/2016/08/18/57b5bc8cc6364.png
INFO: [ app_init ] --START--
INFO: Run Behavior\BuildLiteBehavior [ RunTime:0.000030s ]
INFO: [ app_init ] --END-- [ RunTime:0.000926s ]
ERR: 无法加载模块:Upload

[ 2017-04-30T21:59:19+08:00 ] ::1 /TP_imooc_me/index.php/upload/2016/07/06/577d1042cec4c.jpg
INFO: [ app_init ] --START--
INFO: Run Behavior\BuildLiteBehavior [ RunTime:0.000029s ]
INFO: [ app_init ] --END-- [ RunTime:0.000738s ]
ERR: 无法加载模块:Upload

[ 2017-04-30T21:59:19+08:00 ] ::1 /TP_imooc_me/index.php/upload/2016/07/02/5777becac0cb2.jpg
INFO: [ app_init ] --START--
INFO: Run Behavior\BuildLiteBehavior [ RunTime:0.000029s ]
INFO: [ app_init ] --END-- [ RunTime:0.000803s ]
ERR: 无法加载模块:Upload

[ 2017-04-30T21:59:19+08:00 ] ::1 /TP_imooc_me/index.php/upload/2016/07/06/577d102ca949f.jpg
INFO: [ app_init ] --START--
INFO: Run Behavior\BuildLiteBehavior [ RunTime:0.000030s ]
INFO: [ app_init ] --END-- [ RunTime:0.000740s ]
ERR: 无法加载模块:Upload

[ 2017-04-30T21:59:19+08:00 ] ::1 /TP_imooc_me/index.php/Public/js/count.js
INFO: [ app_init ] --START--
INFO: Run Behavior\BuildLiteBehavior [ RunTime:0.000028s ]
INFO: [ app_init ] --END-- [ RunTime:0.000772s ]
ERR: 无法加载模块:Public

[ 2017-04-30T21:59:19+08:00 ] ::1 /TP_imooc_me/index.php/upload/2016/07/06/577d100d7c4f5.jpg
INFO: [ app_init ] --START--
INFO: Run Behavior\BuildLiteBehavior [ RunTime:0.000029s ]
INFO: [ app_init ] --END-- [ RunTime:0.000766s ]
ERR: 无法加载模块:Upload

[ 2017-04-30T21:59:19+08:00 ] ::1 /TP_imooc_me/index.php/upload/2016/07/06/577d0ed864f7d.png
INFO: [ app_init ] --START--
INFO: Run Behavior\BuildLiteBehavior [ RunTime:0.000029s ]
INFO: [ app_init ] --END-- [ RunTime:0.000887s ]
ERR: 无法加载模块:Upload

[ 2017-04-30T21:59:19+08:00 ] ::1 /TP_imooc_me/index.php/Public/js/jquery.js
INFO: [ app_init ] --START--
INFO: Run Behavior\BuildLiteBehavior [ RunTime:0.000029s ]
INFO: [ app_init ] --END-- [ RunTime:0.000775s ]
ERR: 无法加载模块:Public

[ 2017-04-30T21:59:19+08:00 ] ::1 /TP_imooc_me/index.php/upload/2016/07/06/577d0fe768caa.jpg
INFO: [ app_init ] --START--
INFO: Run Behavior\BuildLiteBehavior [ RunTime:0.000030s ]
INFO: [ app_init ] --END-- [ RunTime:0.000746s ]
ERR: 无法加载模块:Upload

[ 2017-04-30T21:59:19+08:00 ] ::1 /TP_imooc_me/index.php/upload/2016/07/06/577d0ffd82d69.jpg
INFO: [ app_init ] --START--
INFO: Run Behavior\BuildLiteBehavior [ RunTime:0.000030s ]
INFO: [ app_init ] --END-- [ RunTime:0.000878s ]
ERR: 无法加载模块:Upload

