[ 2016-11-01T16:07:42+08:00 ] 127.0.0.1 /WD/admin.php
INFO: [ app_init ] --START--
INFO: Run Behavior\BuildLiteBehavior [ RunTime:0.000032s ]
INFO: [ app_init ] --END-- [ RunTime:0.000697s ]
INFO: [ app_begin ] --START--
INFO: Run Behavior\ReadHtmlCacheBehavior [ RunTime:0.000731s ]
INFO: [ app_begin ] --END-- [ RunTime:0.000804s ]
NOTIC: [8] Undefined variable: module E:\Program Files\phpStudy\WWW\WD\ThinkPHP\Common\functions.php 第 990 行.
NOTIC: [8] Undefined variable: var E:\Program Files\phpStudy\WWW\WD\ThinkPHP\Common\functions.php 第 990 行.
NOTIC: [2] array_reverse() expects parameter 1 to be array, null given E:\Program Files\phpStudy\WWW\WD\ThinkPHP\Common\functions.php 第 990 行.
NOTIC: [2] http_build_query() [<a href='function.http-build-query'>function.http-build-query</a>]: Parameter 1 expected to be Array or Object.  Incorrect value given E:\Program Files\phpStudy\WWW\WD\ThinkPHP\Common\functions.php 第 990 行.

[ 2016-11-01T16:07:42+08:00 ] 127.0.0.1 /WD/admin.php?m=&&c=login
INFO: [ app_init ] --START--
INFO: Run Behavior\BuildLiteBehavior [ RunTime:0.000016s ]
INFO: [ app_init ] --END-- [ RunTime:0.000550s ]
INFO: [ app_begin ] --START--
INFO: Run Behavior\ReadHtmlCacheBehavior [ RunTime:0.000616s ]
INFO: [ app_begin ] --END-- [ RunTime:0.000712s ]
INFO: [ view_parse ] --START--
INFO: [ template_filter ] --START--
INFO: Run Behavior\ContentReplaceBehavior [ RunTime:0.000052s ]
INFO: [ template_filter ] --END-- [ RunTime:0.000129s ]
INFO: Run Behavior\ParseTemplateBehavior [ RunTime:0.007704s ]
INFO: [ view_parse ] --END-- [ RunTime:0.007776s ]
INFO: [ view_filter ] --START--
INFO: Run Behavior\WriteHtmlCacheBehavior [ RunTime:0.000491s ]
INFO: [ view_filter ] --END-- [ RunTime:0.000545s ]
INFO: [ app_end ] --START--
INFO: Run Behavior\ShowPageTraceBehavior [ RunTime:0.000782s ]
INFO: [ app_end ] --END-- [ RunTime:0.000842s ]

[ 2016-11-01T16:07:43+08:00 ] 127.0.0.1 /WD/admin.php?m=&&c=login
INFO: [ app_init ] --START--
INFO: Run Behavior\BuildLiteBehavior [ RunTime:0.000019s ]
INFO: [ app_init ] --END-- [ RunTime:0.000539s ]
INFO: [ app_begin ] --START--
INFO: Run Behavior\ReadHtmlCacheBehavior [ RunTime:0.000878s ]
INFO: [ app_begin ] --END-- [ RunTime:0.000975s ]
INFO: [ view_parse ] --START--
INFO: [ template_filter ] --START--
INFO: Run Behavior\ContentReplaceBehavior [ RunTime:0.000048s ]
INFO: [ template_filter ] --END-- [ RunTime:0.000115s ]
INFO: Run Behavior\ParseTemplateBehavior [ RunTime:0.006431s ]
INFO: [ view_parse ] --END-- [ RunTime:0.006508s ]
INFO: [ view_filter ] --START--
INFO: Run Behavior\WriteHtmlCacheBehavior [ RunTime:0.000472s ]
INFO: [ view_filter ] --END-- [ RunTime:0.000529s ]
INFO: [ app_end ] --START--
INFO: Run Behavior\ShowPageTraceBehavior [ RunTime:0.000683s ]
INFO: [ app_end ] --END-- [ RunTime:0.000757s ]

[ 2016-11-01T16:08:45+08:00 ] 127.0.0.1 /WD/admin.php?a=ajaxuploadimage&&c=Image
INFO: [ app_init ] --START--
INFO: Run Behavior\BuildLiteBehavior [ RunTime:0.000018s ]
INFO: [ app_init ] --END-- [ RunTime:0.000498s ]
INFO: [ app_begin ] --START--
INFO: Run Behavior\ReadHtmlCacheBehavior [ RunTime:0.000637s ]
INFO: [ app_begin ] --END-- [ RunTime:0.000703s ]
NOTIC: [8] Use of undefined constant Y - assumed 'Y' E:\Program Files\phpStudy\WWW\WD\Application\Common\Model\UploadImageModel.class.php 第 19 行.
NOTIC: [8] Use of undefined constant m - assumed 'm' E:\Program Files\phpStudy\WWW\WD\Application\Common\Model\UploadImageModel.class.php 第 19 行.
NOTIC: [8] Use of undefined constant d - assumed 'd' E:\Program Files\phpStudy\WWW\WD\Application\Common\Model\UploadImageModel.class.php 第 19 行.

[ 2016-11-01T16:09:34+08:00 ] 192.168.0.8 /WD/admin.php?a=ajaxuploadimage&&c=Image
INFO: [ app_init ] --START--
INFO: Run Behavior\BuildLiteBehavior [ RunTime:0.000027s ]
INFO: [ app_init ] --END-- [ RunTime:0.000997s ]
INFO: [ app_begin ] --START--
INFO: Run Behavior\ReadHtmlCacheBehavior [ RunTime:0.000978s ]
INFO: [ app_begin ] --END-- [ RunTime:0.001086s ]
NOTIC: [8] Use of undefined constant Y - assumed 'Y' E:\Program Files\phpStudy\WWW\WD\Application\Common\Model\UploadImageModel.class.php 第 19 行.
NOTIC: [8] Use of undefined constant m - assumed 'm' E:\Program Files\phpStudy\WWW\WD\Application\Common\Model\UploadImageModel.class.php 第 19 行.
NOTIC: [8] Use of undefined constant d - assumed 'd' E:\Program Files\phpStudy\WWW\WD\Application\Common\Model\UploadImageModel.class.php 第 19 行.
NOTIC: [2] call_user_func() expects parameter 1 to be a valid callback, no array or string given E:\Program Files\phpStudy\WWW\WD\ThinkPHP\Library\Think\Upload.class.php 第 170 行.
NOTIC: [8] Undefined index: file E:\Program Files\phpStudy\WWW\WD\Application\Common\Model\UploadImageModel.class.php 第 36 行.
NOTIC: [8] Undefined index: file E:\Program Files\phpStudy\WWW\WD\Application\Common\Model\UploadImageModel.class.php 第 36 行.

[ 2016-11-01T16:13:01+08:00 ] 192.168.0.8 /WD/admin.php?a=ajaxuploadimage&&c=Image
INFO: [ app_init ] --START--
INFO: Run Behavior\BuildLiteBehavior [ RunTime:0.000033s ]
INFO: [ app_init ] --END-- [ RunTime:0.000944s ]
INFO: [ app_begin ] --START--
INFO: Run Behavior\ReadHtmlCacheBehavior [ RunTime:0.000941s ]
INFO: [ app_begin ] --END-- [ RunTime:0.001042s ]
NOTIC: [8] Use of undefined constant Y - assumed 'Y' E:\Program Files\phpStudy\WWW\WD\Application\Common\Model\UploadImageModel.class.php 第 19 行.
NOTIC: [8] Use of undefined constant m - assumed 'm' E:\Program Files\phpStudy\WWW\WD\Application\Common\Model\UploadImageModel.class.php 第 19 行.
NOTIC: [8] Use of undefined constant d - assumed 'd' E:\Program Files\phpStudy\WWW\WD\Application\Common\Model\UploadImageModel.class.php 第 19 行.
NOTIC: [2] call_user_func() expects parameter 1 to be a valid callback, no array or string given E:\Program Files\phpStudy\WWW\WD\ThinkPHP\Library\Think\Upload.class.php 第 170 行.
NOTIC: [8] Undefined index: file E:\Program Files\phpStudy\WWW\WD\Application\Common\Model\UploadImageModel.class.php 第 36 行.
NOTIC: [8] Undefined index: file E:\Program Files\phpStudy\WWW\WD\Application\Common\Model\UploadImageModel.class.php 第 36 行.

[ 2016-11-01T16:15:35+08:00 ] 192.168.0.8 /WD/admin.php?a=ajaxuploadimage&&c=Image
INFO: [ app_init ] --START--
INFO: Run Behavior\BuildLiteBehavior [ RunTime:0.000020s ]
INFO: [ app_init ] --END-- [ RunTime:0.000675s ]
INFO: [ app_begin ] --START--
INFO: Run Behavior\ReadHtmlCacheBehavior [ RunTime:0.002205s ]
INFO: [ app_begin ] --END-- [ RunTime:0.002481s ]
NOTIC: [8] Use of undefined constant Y - assumed 'Y' E:\Program Files\phpStudy\WWW\WD\Application\Common\Model\UploadImageModel.class.php 第 19 行.
NOTIC: [8] Use of undefined constant m - assumed 'm' E:\Program Files\phpStudy\WWW\WD\Application\Common\Model\UploadImageModel.class.php 第 19 行.
NOTIC: [8] Use of undefined constant d - assumed 'd' E:\Program Files\phpStudy\WWW\WD\Application\Common\Model\UploadImageModel.class.php 第 19 行.
NOTIC: [2] call_user_func() expects parameter 1 to be a valid callback, no array or string given E:\Program Files\phpStudy\WWW\WD\ThinkPHP\Library\Think\Upload.class.php 第 170 行.
NOTIC: [8] Undefined index: file E:\Program Files\phpStudy\WWW\WD\Application\Common\Model\UploadImageModel.class.php 第 36 行.
NOTIC: [8] Undefined index: file E:\Program Files\phpStudy\WWW\WD\Application\Common\Model\UploadImageModel.class.php 第 36 行.

[ 2016-11-01T16:16:48+08:00 ] 192.168.0.8 /WD/admin.php?a=ajaxuploadimage&&c=Image
INFO: [ app_init ] --START--
INFO: Run Behavior\BuildLiteBehavior [ RunTime:0.000034s ]
INFO: [ app_init ] --END-- [ RunTime:0.000893s ]
INFO: [ app_begin ] --START--
INFO: Run Behavior\ReadHtmlCacheBehavior [ RunTime:0.001718s ]
INFO: [ app_begin ] --END-- [ RunTime:0.001868s ]
NOTIC: [8] Use of undefined constant Y - assumed 'Y' E:\Program Files\phpStudy\WWW\WD\Application\Common\Model\UploadImageModel.class.php 第 19 行.
NOTIC: [8] Use of undefined constant m - assumed 'm' E:\Program Files\phpStudy\WWW\WD\Application\Common\Model\UploadImageModel.class.php 第 19 行.
NOTIC: [8] Use of undefined constant d - assumed 'd' E:\Program Files\phpStudy\WWW\WD\Application\Common\Model\UploadImageModel.class.php 第 19 行.

[ 2016-11-01T16:18:56+08:00 ] 192.168.0.8 /WD/admin.php?a=ajaxuploadimage&&c=Image
INFO: [ app_init ] --START--
INFO: Run Behavior\BuildLiteBehavior [ RunTime:0.000031s ]
INFO: [ app_init ] --END-- [ RunTime:0.000933s ]
INFO: [ app_begin ] --START--
INFO: Run Behavior\ReadHtmlCacheBehavior [ RunTime:0.001911s ]
INFO: [ app_begin ] --END-- [ RunTime:0.002137s ]
NOTIC: [8] Use of undefined constant Y - assumed 'Y' E:\Program Files\phpStudy\WWW\WD\Application\Common\Model\UploadImageModel.class.php 第 19 行.
NOTIC: [8] Use of undefined constant m - assumed 'm' E:\Program Files\phpStudy\WWW\WD\Application\Common\Model\UploadImageModel.class.php 第 19 行.
NOTIC: [8] Use of undefined constant d - assumed 'd' E:\Program Files\phpStudy\WWW\WD\Application\Common\Model\UploadImageModel.class.php 第 19 行.
NOTIC: [2] call_user_func() expects parameter 1 to be a valid callback, no array or string given E:\Program Files\phpStudy\WWW\WD\ThinkPHP\Library\Think\Upload.class.php 第 170 行.
NOTIC: [8] Undefined index: file E:\Program Files\phpStudy\WWW\WD\Application\Common\Model\UploadImageModel.class.php 第 36 行.
NOTIC: [8] Undefined index: file E:\Program Files\phpStudy\WWW\WD\Application\Common\Model\UploadImageModel.class.php 第 36 行.

[ 2016-11-01T16:19:13+08:00 ] 192.168.0.8 /WD/admin.php?a=ajaxuploadimage&&c=Image
INFO: [ app_init ] --START--
INFO: Run Behavior\BuildLiteBehavior [ RunTime:0.000031s ]
INFO: [ app_init ] --END-- [ RunTime:0.000771s ]
INFO: [ app_begin ] --START--
INFO: Run Behavior\ReadHtmlCacheBehavior [ RunTime:0.001214s ]
INFO: [ app_begin ] --END-- [ RunTime:0.001339s ]
NOTIC: [8] Use of undefined constant Y - assumed 'Y' E:\Program Files\phpStudy\WWW\WD\Application\Common\Model\UploadImageModel.class.php 第 19 行.
NOTIC: [8] Use of undefined constant m - assumed 'm' E:\Program Files\phpStudy\WWW\WD\Application\Common\Model\UploadImageModel.class.php 第 19 行.
NOTIC: [8] Use of undefined constant d - assumed 'd' E:\Program Files\phpStudy\WWW\WD\Application\Common\Model\UploadImageModel.class.php 第 19 行.
NOTIC: [2] call_user_func() expects parameter 1 to be a valid callback, no array or string given E:\Program Files\phpStudy\WWW\WD\ThinkPHP\Library\Think\Upload.class.php 第 170 行.
NOTIC: [8] Undefined index: file E:\Program Files\phpStudy\WWW\WD\Application\Common\Model\UploadImageModel.class.php 第 36 行.
NOTIC: [8] Undefined index: file E:\Program Files\phpStudy\WWW\WD\Application\Common\Model\UploadImageModel.class.php 第 36 行.

[ 2016-11-01T16:20:15+08:00 ] 192.168.0.8 /WD/admin.php?a=ajaxuploadimage&&c=Image
INFO: [ app_init ] --START--
INFO: Run Behavior\BuildLiteBehavior [ RunTime:0.000023s ]
INFO: [ app_init ] --END-- [ RunTime:0.001080s ]
INFO: [ app_begin ] --START--
INFO: Run Behavior\ReadHtmlCacheBehavior [ RunTime:0.000943s ]
INFO: [ app_begin ] --END-- [ RunTime:0.001034s ]
NOTIC: [8] Use of undefined constant Y - assumed 'Y' E:\Program Files\phpStudy\WWW\WD\Application\Common\Model\UploadImageModel.class.php 第 19 行.
NOTIC: [8] Use of undefined constant m - assumed 'm' E:\Program Files\phpStudy\WWW\WD\Application\Common\Model\UploadImageModel.class.php 第 19 行.
NOTIC: [8] Use of undefined constant d - assumed 'd' E:\Program Files\phpStudy\WWW\WD\Application\Common\Model\UploadImageModel.class.php 第 19 行.
NOTIC: [2] call_user_func() expects parameter 1 to be a valid callback, no array or string given E:\Program Files\phpStudy\WWW\WD\ThinkPHP\Library\Think\Upload.class.php 第 170 行.
NOTIC: [8] Undefined index: file E:\Program Files\phpStudy\WWW\WD\Application\Common\Model\UploadImageModel.class.php 第 36 行.
NOTIC: [8] Undefined index: file E:\Program Files\phpStudy\WWW\WD\Application\Common\Model\UploadImageModel.class.php 第 36 行.

[ 2016-11-01T16:20:47+08:00 ] 192.168.0.8 /WD/admin.php?a=ajaxuploadimage&&c=Image
INFO: [ app_init ] --START--
INFO: Run Behavior\BuildLiteBehavior [ RunTime:0.000025s ]
INFO: [ app_init ] --END-- [ RunTime:0.000865s ]
INFO: [ app_begin ] --START--
INFO: Run Behavior\ReadHtmlCacheBehavior [ RunTime:0.001713s ]
INFO: [ app_begin ] --END-- [ RunTime:0.001860s ]
NOTIC: [8] Use of undefined constant Y - assumed 'Y' E:\Program Files\phpStudy\WWW\WD\Application\Common\Model\UploadImageModel.class.php 第 19 行.
NOTIC: [8] Use of undefined constant m - assumed 'm' E:\Program Files\phpStudy\WWW\WD\Application\Common\Model\UploadImageModel.class.php 第 19 行.
NOTIC: [8] Use of undefined constant d - assumed 'd' E:\Program Files\phpStudy\WWW\WD\Application\Common\Model\UploadImageModel.class.php 第 19 行.
NOTIC: [2] call_user_func() expects parameter 1 to be a valid callback, no array or string given E:\Program Files\phpStudy\WWW\WD\ThinkPHP\Library\Think\Upload.class.php 第 170 行.
NOTIC: [8] Undefined index: file E:\Program Files\phpStudy\WWW\WD\Application\Common\Model\UploadImageModel.class.php 第 36 行.
NOTIC: [8] Undefined index: file E:\Program Files\phpStudy\WWW\WD\Application\Common\Model\UploadImageModel.class.php 第 36 行.

[ 2016-11-01T16:22:10+08:00 ] 192.168.0.8 /WD/admin.php?a=ajaxuploadimage&&c=Image
INFO: [ app_init ] --START--
INFO: Run Behavior\BuildLiteBehavior [ RunTime:0.000035s ]
INFO: [ app_init ] --END-- [ RunTime:0.001161s ]
INFO: [ app_begin ] --START--
INFO: Run Behavior\ReadHtmlCacheBehavior [ RunTime:0.002444s ]
INFO: [ app_begin ] --END-- [ RunTime:0.002684s ]
NOTIC: [8] Use of undefined constant Y - assumed 'Y' E:\Program Files\phpStudy\WWW\WD\Application\Common\Model\UploadImageModel.class.php 第 19 行.
NOTIC: [8] Use of undefined constant m - assumed 'm' E:\Program Files\phpStudy\WWW\WD\Application\Common\Model\UploadImageModel.class.php 第 19 行.
NOTIC: [8] Use of undefined constant d - assumed 'd' E:\Program Files\phpStudy\WWW\WD\Application\Common\Model\UploadImageModel.class.php 第 19 行.
NOTIC: [2] call_user_func() expects parameter 1 to be a valid callback, no array or string given E:\Program Files\phpStudy\WWW\WD\ThinkPHP\Library\Think\Upload.class.php 第 170 行.
NOTIC: [8] Undefined index: file E:\Program Files\phpStudy\WWW\WD\Application\Common\Model\UploadImageModel.class.php 第 36 行.
NOTIC: [8] Undefined index: file E:\Program Files\phpStudy\WWW\WD\Application\Common\Model\UploadImageModel.class.php 第 36 行.

[ 2016-11-01T16:22:32+08:00 ] 192.168.0.8 /WD/admin.php?a=ajaxuploadimage&&c=Image
INFO: [ app_init ] --START--
INFO: Run Behavior\BuildLiteBehavior [ RunTime:0.000032s ]
INFO: [ app_init ] --END-- [ RunTime:0.006422s ]
INFO: [ app_begin ] --START--
INFO: Run Behavior\ReadHtmlCacheBehavior [ RunTime:0.001094s ]
INFO: [ app_begin ] --END-- [ RunTime:0.001228s ]
NOTIC: [8] Use of undefined constant Y - assumed 'Y' E:\Program Files\phpStudy\WWW\WD\Application\Common\Model\UploadImageModel.class.php 第 19 行.
NOTIC: [8] Use of undefined constant m - assumed 'm' E:\Program Files\phpStudy\WWW\WD\Application\Common\Model\UploadImageModel.class.php 第 19 行.
NOTIC: [8] Use of undefined constant d - assumed 'd' E:\Program Files\phpStudy\WWW\WD\Application\Common\Model\UploadImageModel.class.php 第 19 行.
NOTIC: [2] call_user_func() expects parameter 1 to be a valid callback, no array or string given E:\Program Files\phpStudy\WWW\WD\ThinkPHP\Library\Think\Upload.class.php 第 170 行.
NOTIC: [8] Undefined index: file E:\Program Files\phpStudy\WWW\WD\Application\Common\Model\UploadImageModel.class.php 第 36 行.
NOTIC: [8] Undefined index: file E:\Program Files\phpStudy\WWW\WD\Application\Common\Model\UploadImageModel.class.php 第 36 行.

