[ 2017-05-12T02:10:30+08:00 ] ::1 /admin.php
INFO: [ app_init ] --START--
INFO: Run Behavior\BuildLiteBehavior [ RunTime:0.000018s ]
INFO: [ app_init ] --END-- [ RunTime:0.000646s ]
INFO: [ app_begin ] --START--
INFO: Run Behavior\ReadHtmlCacheBehavior [ RunTime:0.000779s ]
INFO: [ app_begin ] --END-- [ RunTime:0.000850s ]
NOTIC: [8] Undefined variable: module E:\Program Files\phpStudy\WWW\TP_imooc_me\ThinkPHP\Common\functions.php 第 990 行.
NOTIC: [8] Undefined variable: var E:\Program Files\phpStudy\WWW\TP_imooc_me\ThinkPHP\Common\functions.php 第 990 行.
NOTIC: [2] array_reverse() expects parameter 1 to be array, null given E:\Program Files\phpStudy\WWW\TP_imooc_me\ThinkPHP\Common\functions.php 第 990 行.
NOTIC: [2] http_build_query() [<a href='function.http-build-query'>function.http-build-query</a>]: Parameter 1 expected to be Array or Object.  Incorrect value given E:\Program Files\phpStudy\WWW\TP_imooc_me\ThinkPHP\Common\functions.php 第 990 行.

[ 2017-05-12T02:10:30+08:00 ] ::1 /admin.php?m=&&c=login
INFO: [ app_init ] --START--
INFO: Run Behavior\BuildLiteBehavior [ RunTime:0.000018s ]
INFO: [ app_init ] --END-- [ RunTime:0.000555s ]
INFO: [ app_begin ] --START--
INFO: Run Behavior\ReadHtmlCacheBehavior [ RunTime:0.000990s ]
INFO: [ app_begin ] --END-- [ RunTime:0.001097s ]
INFO: [ view_parse ] --START--
INFO: [ template_filter ] --START--
INFO: Run Behavior\ContentReplaceBehavior [ RunTime:0.000081s ]
INFO: [ template_filter ] --END-- [ RunTime:0.000181s ]
INFO: Run Behavior\ParseTemplateBehavior [ RunTime:0.008415s ]
INFO: [ view_parse ] --END-- [ RunTime:0.008537s ]
INFO: [ view_filter ] --START--
INFO: Run Behavior\WriteHtmlCacheBehavior [ RunTime:0.000652s ]
INFO: [ view_filter ] --END-- [ RunTime:0.000714s ]
INFO: [ app_end ] --START--
INFO: Run Behavior\ShowPageTraceBehavior [ RunTime:0.000986s ]
INFO: [ app_end ] --END-- [ RunTime:0.001050s ]

[ 2017-05-12T02:10:30+08:00 ] ::1 /admin.php?m=&&c=login
INFO: [ app_init ] --START--
INFO: Run Behavior\BuildLiteBehavior [ RunTime:0.000034s ]
INFO: [ app_init ] --END-- [ RunTime:0.001052s ]
INFO: [ app_begin ] --START--
INFO: Run Behavior\ReadHtmlCacheBehavior [ RunTime:0.003393s ]
INFO: [ app_begin ] --END-- [ RunTime:0.003610s ]
INFO: [ view_parse ] --START--
INFO: [ template_filter ] --START--
INFO: Run Behavior\ContentReplaceBehavior [ RunTime:0.000092s ]
INFO: [ template_filter ] --END-- [ RunTime:0.000260s ]
INFO: Run Behavior\ParseTemplateBehavior [ RunTime:0.014965s ]
INFO: [ view_parse ] --END-- [ RunTime:0.015113s ]
INFO: [ view_filter ] --START--
INFO: Run Behavior\WriteHtmlCacheBehavior [ RunTime:0.002042s ]
INFO: [ view_filter ] --END-- [ RunTime:0.002242s ]
INFO: [ app_end ] --START--
INFO: Run Behavior\ShowPageTraceBehavior [ RunTime:0.002412s ]
INFO: [ app_end ] --END-- [ RunTime:0.003827s ]

[ 2017-05-12T02:10:36+08:00 ] ::1 /admin.php?c=login&a=check
INFO: [ app_init ] --START--
INFO: Run Behavior\BuildLiteBehavior [ RunTime:0.000031s ]
INFO: [ app_init ] --END-- [ RunTime:0.000899s ]
INFO: [ app_begin ] --START--
INFO: Run Behavior\ReadHtmlCacheBehavior [ RunTime:0.001334s ]
INFO: [ app_begin ] --END-- [ RunTime:0.001485s ]
SQL: SHOW COLUMNS FROM `cms_admin` [ RunTime:0.0100s ]
SQL: SELECT * FROM `cms_admin` WHERE ( username="admin" ) LIMIT 1   [ RunTime:0.0007s ]
SQL: UPDATE `cms_admin` SET `lastlogintime`='1494526236' WHERE ( admin_id=8 ) [ RunTime:0.0007s ]

[ 2017-05-12T02:10:39+08:00 ] ::1 /admin.php
INFO: [ app_init ] --START--
INFO: Run Behavior\BuildLiteBehavior [ RunTime:0.000027s ]
INFO: [ app_init ] --END-- [ RunTime:0.001008s ]
INFO: [ app_begin ] --START--
INFO: Run Behavior\ReadHtmlCacheBehavior [ RunTime:0.000821s ]
INFO: [ app_begin ] --END-- [ RunTime:0.000891s ]
NOTIC: [2048] Declaration of Common\Model\NewsModel::find() should be compatible with that of Think\Model::find() E:\Program Files\phpStudy\WWW\TP_imooc_me\Application\Common\Model\NewsModel.class.php 第 8 行.
SQL: SHOW COLUMNS FROM `cms_news` [ RunTime:0.0134s ]
SQL: SELECT * FROM `cms_news` WHERE `status` = 1 ORDER BY count desc LIMIT 1   [ RunTime:0.0011s ]
SQL: SELECT COUNT(*) AS tp_count FROM `cms_news` WHERE `status` = 1 LIMIT 1   [ RunTime:0.0006s ]
NOTIC: [2048] Declaration of Common\Model\PositionModel::find() should be compatible with that of Think\Model::find() E:\Program Files\phpStudy\WWW\TP_imooc_me\Application\Common\Model\PositionModel.class.php 第 64 行.
SQL: SHOW COLUMNS FROM `cms_position` [ RunTime:0.0120s ]
SQL: SELECT COUNT(*) AS tp_count FROM `cms_position` WHERE `status` <> -1 LIMIT 1   [ RunTime:0.0009s ]
SQL: SHOW COLUMNS FROM `cms_admin` [ RunTime:0.0181s ]
SQL: SELECT COUNT(*) AS tp_count FROM `cms_admin` WHERE `status` = 1 AND `lastlogintime` > 1494518400 LIMIT 1   [ RunTime:0.0008s ]
INFO: [ view_parse ] --START--
INFO: [ template_filter ] --START--
INFO: Run Behavior\ContentReplaceBehavior [ RunTime:0.000142s ]
INFO: [ template_filter ] --END-- [ RunTime:0.000261s ]
NOTIC: [2048] Declaration of Common\Model\MenuModel::find() should be compatible with that of Think\Model::find() E:\Program Files\phpStudy\WWW\TP_imooc_me\Application\Common\Model\MenuModel.class.php 第 135 行.
SQL: SHOW COLUMNS FROM `cms_menu` [ RunTime:0.0070s ]
SQL: SELECT * FROM `cms_menu` WHERE `status` <> -1 AND `type` = 1 ORDER BY listorder desc,menu_id desc  [ RunTime:0.0005s ]
INFO: Run Behavior\ParseTemplateBehavior [ RunTime:0.057960s ]
INFO: [ view_parse ] --END-- [ RunTime:0.058099s ]
INFO: [ view_filter ] --START--
INFO: Run Behavior\WriteHtmlCacheBehavior [ RunTime:0.001018s ]
INFO: [ view_filter ] --END-- [ RunTime:0.001118s ]
INFO: [ app_end ] --START--
INFO: Run Behavior\ShowPageTraceBehavior [ RunTime:0.001184s ]
INFO: [ app_end ] --END-- [ RunTime:0.001279s ]

[ 2017-05-12T02:10:52+08:00 ] ::1 /index.php?m=admin&c=menu&a=index
INFO: [ app_init ] --START--
INFO: Run Behavior\BuildLiteBehavior [ RunTime:0.000016s ]
INFO: [ app_init ] --END-- [ RunTime:0.000724s ]
INFO: [ app_begin ] --START--
INFO: Run Behavior\ReadHtmlCacheBehavior [ RunTime:0.000759s ]
INFO: [ app_begin ] --END-- [ RunTime:0.000825s ]
NOTIC: [8] Undefined index: p E:\Program Files\phpStudy\WWW\TP_imooc_me\Application\Admin\Controller\MenuController.class.php 第 22 行.
NOTIC: [8] Undefined index: pageSize E:\Program Files\phpStudy\WWW\TP_imooc_me\Application\Admin\Controller\MenuController.class.php 第 23 行.
NOTIC: [2048] Declaration of Common\Model\MenuModel::find() should be compatible with that of Think\Model::find() E:\Program Files\phpStudy\WWW\TP_imooc_me\Application\Common\Model\MenuModel.class.php 第 7 行.
SQL: SHOW COLUMNS FROM `cms_menu` [ RunTime:0.0117s ]
SQL: SELECT * FROM `cms_menu` WHERE `status` <> -1 ORDER BY listorder desc,menu_id desc LIMIT 0,10   [ RunTime:0.0011s ]
SQL: SELECT COUNT(*) AS tp_count FROM `cms_menu` WHERE `status` <> -1 LIMIT 1   [ RunTime:0.0008s ]
INFO: [ view_parse ] --START--
INFO: [ template_filter ] --START--
INFO: Run Behavior\ContentReplaceBehavior [ RunTime:0.000178s ]
INFO: [ template_filter ] --END-- [ RunTime:0.000395s ]
SQL: SELECT * FROM `cms_menu` WHERE `status` <> -1 AND `type` = 1 ORDER BY listorder desc,menu_id desc  [ RunTime:0.0006s ]
INFO: Run Behavior\ParseTemplateBehavior [ RunTime:0.065847s ]
INFO: [ view_parse ] --END-- [ RunTime:0.065968s ]
INFO: [ view_filter ] --START--
INFO: Run Behavior\WriteHtmlCacheBehavior [ RunTime:0.000874s ]
INFO: [ view_filter ] --END-- [ RunTime:0.000975s ]
INFO: [ app_end ] --START--
INFO: Run Behavior\ShowPageTraceBehavior [ RunTime:0.001042s ]
INFO: [ app_end ] --END-- [ RunTime:0.001155s ]

[ 2017-05-12T02:10:55+08:00 ] ::1 /index.php?m=admin&c=content&a=index
INFO: [ app_init ] --START--
INFO: Run Behavior\BuildLiteBehavior [ RunTime:0.000019s ]
INFO: [ app_init ] --END-- [ RunTime:0.000523s ]
INFO: [ app_begin ] --START--
INFO: Run Behavior\ReadHtmlCacheBehavior [ RunTime:0.000776s ]
INFO: [ app_begin ] --END-- [ RunTime:0.000868s ]
NOTIC: [8] Undefined index: title E:\Program Files\phpStudy\WWW\TP_imooc_me\Application\Admin\Controller\ContentController.class.php 第 14 行.
NOTIC: [8] Undefined index: catid E:\Program Files\phpStudy\WWW\TP_imooc_me\Application\Admin\Controller\ContentController.class.php 第 17 行.
NOTIC: [2048] Declaration of Common\Model\PositionModel::find() should be compatible with that of Think\Model::find() E:\Program Files\phpStudy\WWW\TP_imooc_me\Application\Common\Model\PositionModel.class.php 第 7 行.
SQL: SHOW COLUMNS FROM `cms_position` [ RunTime:0.0078s ]
NOTIC: [2] Missing argument 1 for Common\Model\PositionModel::getPositions(), called in E:\Program Files\phpStudy\WWW\TP_imooc_me\Application\Admin\Controller\ContentController.class.php on line 23 and defined E:\Program Files\phpStudy\WWW\TP_imooc_me\Application\Common\Model\PositionModel.class.php 第 15 行.
NOTIC: [2] Missing argument 2 for Common\Model\PositionModel::getPositions(), called in E:\Program Files\phpStudy\WWW\TP_imooc_me\Application\Admin\Controller\ContentController.class.php on line 23 and defined E:\Program Files\phpStudy\WWW\TP_imooc_me\Application\Common\Model\PositionModel.class.php 第 15 行.
NOTIC: [2] Missing argument 3 for Common\Model\PositionModel::getPositions(), called in E:\Program Files\phpStudy\WWW\TP_imooc_me\Application\Admin\Controller\ContentController.class.php on line 23 and defined E:\Program Files\phpStudy\WWW\TP_imooc_me\Application\Common\Model\PositionModel.class.php 第 15 行.
NOTIC: [8] Undefined variable: page E:\Program Files\phpStudy\WWW\TP_imooc_me\Application\Common\Model\PositionModel.class.php 第 18 行.
NOTIC: [8] Undefined variable: pageSize E:\Program Files\phpStudy\WWW\TP_imooc_me\Application\Common\Model\PositionModel.class.php 第 18 行.
NOTIC: [8] Undefined variable: pageSize E:\Program Files\phpStudy\WWW\TP_imooc_me\Application\Common\Model\PositionModel.class.php 第 19 行.
SQL: SELECT * FROM `cms_position` WHERE `status` <> -1 ORDER BY id  [ RunTime:0.0008s ]
NOTIC: [8] Undefined index: p E:\Program Files\phpStudy\WWW\TP_imooc_me\Application\Admin\Controller\ContentController.class.php 第 26 行.
NOTIC: [8] Undefined index: pageSize E:\Program Files\phpStudy\WWW\TP_imooc_me\Application\Admin\Controller\ContentController.class.php 第 27 行.
NOTIC: [2048] Declaration of Common\Model\NewsModel::find() should be compatible with that of Think\Model::find() E:\Program Files\phpStudy\WWW\TP_imooc_me\Application\Common\Model\NewsModel.class.php 第 185 行.
SQL: SHOW COLUMNS FROM `cms_news` [ RunTime:0.0087s ]
SQL: SELECT * FROM `cms_news` WHERE `status` <> -1 ORDER BY listorder desc,news_id desc LIMIT 0,10   [ RunTime:0.0008s ]
SQL: SELECT COUNT(*) AS tp_count FROM `cms_news` LIMIT 1   [ RunTime:0.0004s ]
NOTIC: [2048] Declaration of Common\Model\MenuModel::find() should be compatible with that of Think\Model::find() E:\Program Files\phpStudy\WWW\TP_imooc_me\Application\Common\Model\MenuModel.class.php 第 135 行.
SQL: SHOW COLUMNS FROM `cms_menu` [ RunTime:0.0057s ]
SQL: SELECT * FROM `cms_menu` WHERE `status` <> -1 AND `type` = 0 ORDER BY listorder desc,menu_id desc  [ RunTime:0.0004s ]
INFO: [ view_parse ] --START--
INFO: [ template_filter ] --START--
INFO: Run Behavior\ContentReplaceBehavior [ RunTime:0.000091s ]
INFO: [ template_filter ] --END-- [ RunTime:0.000174s ]
SQL: SELECT * FROM `cms_menu` WHERE `status` <> -1 AND `type` = 1 ORDER BY listorder desc,menu_id desc  [ RunTime:0.0005s ]
NOTIC: [8] Undefined index: catid E:\Program Files\phpStudy\WWW\TP_imooc_me\Application\Runtime\Cache\Admin\ccc9ced3ad798311a07cb47b740981c5.php 第 119 行.
NOTIC: [8] Undefined index: catid E:\Program Files\phpStudy\WWW\TP_imooc_me\Application\Runtime\Cache\Admin\ccc9ced3ad798311a07cb47b740981c5.php 第 119 行.
NOTIC: [8] Undefined index: catid E:\Program Files\phpStudy\WWW\TP_imooc_me\Application\Runtime\Cache\Admin\ccc9ced3ad798311a07cb47b740981c5.php 第 119 行.
NOTIC: [8] Undefined index: title E:\Program Files\phpStudy\WWW\TP_imooc_me\Application\Runtime\Cache\Admin\ccc9ced3ad798311a07cb47b740981c5.php 第 128 行.
INFO: Run Behavior\ParseTemplateBehavior [ RunTime:0.016535s ]
INFO: [ view_parse ] --END-- [ RunTime:0.016605s ]
INFO: [ view_filter ] --START--
INFO: Run Behavior\WriteHtmlCacheBehavior [ RunTime:0.000699s ]
INFO: [ view_filter ] --END-- [ RunTime:0.000763s ]
INFO: [ app_end ] --START--
INFO: Run Behavior\ShowPageTraceBehavior [ RunTime:0.000873s ]
INFO: [ app_end ] --END-- [ RunTime:0.000975s ]

