[ 2017-05-09T18:00:47+08:00 ] ::1 /admin.php
INFO: [ app_init ] --START--
INFO: Run Behavior\BuildLiteBehavior [ RunTime:0.000059s ]
INFO: [ app_init ] --END-- [ RunTime:0.020264s ]
INFO: [ app_begin ] --START--
INFO: Run Behavior\ReadHtmlCacheBehavior [ RunTime:0.003056s ]
INFO: [ app_begin ] --END-- [ RunTime:0.003373s ]
NOTIC: [8] Undefined variable: module E:\Program Files\phpStudy\WWW\TP_imooc_me\ThinkPHP\Common\functions.php 第 990 行.
NOTIC: [8] Undefined variable: var E:\Program Files\phpStudy\WWW\TP_imooc_me\ThinkPHP\Common\functions.php 第 990 行.
NOTIC: [2] array_reverse() expects parameter 1 to be array, null given E:\Program Files\phpStudy\WWW\TP_imooc_me\ThinkPHP\Common\functions.php 第 990 行.
NOTIC: [2] http_build_query() [<a href='function.http-build-query'>function.http-build-query</a>]: Parameter 1 expected to be Array or Object.  Incorrect value given E:\Program Files\phpStudy\WWW\TP_imooc_me\ThinkPHP\Common\functions.php 第 990 行.

[ 2017-05-09T18:00:47+08:00 ] ::1 /admin.php?m=&&c=login
INFO: [ app_init ] --START--
INFO: Run Behavior\BuildLiteBehavior [ RunTime:0.000064s ]
INFO: [ app_init ] --END-- [ RunTime:0.002092s ]
INFO: [ app_begin ] --START--
INFO: Run Behavior\ReadHtmlCacheBehavior [ RunTime:0.001916s ]
INFO: [ app_begin ] --END-- [ RunTime:0.002154s ]
INFO: [ view_parse ] --START--
INFO: [ template_filter ] --START--
INFO: Run Behavior\ContentReplaceBehavior [ RunTime:0.000169s ]
INFO: [ template_filter ] --END-- [ RunTime:0.000392s ]
INFO: Run Behavior\ParseTemplateBehavior [ RunTime:0.118805s ]
INFO: [ view_parse ] --END-- [ RunTime:0.119065s ]
INFO: [ view_filter ] --START--
INFO: Run Behavior\WriteHtmlCacheBehavior [ RunTime:0.021900s ]
INFO: [ view_filter ] --END-- [ RunTime:0.022110s ]
INFO: [ app_end ] --START--
INFO: Run Behavior\ShowPageTraceBehavior [ RunTime:0.011464s ]
INFO: [ app_end ] --END-- [ RunTime:0.011720s ]

[ 2017-05-09T18:00:48+08:00 ] ::1 /admin.php?m=&&c=login
INFO: [ app_init ] --START--
INFO: Run Behavior\BuildLiteBehavior [ RunTime:0.000024s ]
INFO: [ app_init ] --END-- [ RunTime:0.000682s ]
INFO: [ app_begin ] --START--
INFO: Run Behavior\ReadHtmlCacheBehavior [ RunTime:0.000792s ]
INFO: [ app_begin ] --END-- [ RunTime:0.000871s ]
INFO: [ view_parse ] --START--
INFO: [ template_filter ] --START--
INFO: Run Behavior\ContentReplaceBehavior [ RunTime:0.000063s ]
INFO: [ template_filter ] --END-- [ RunTime:0.000150s ]
INFO: Run Behavior\ParseTemplateBehavior [ RunTime:0.008316s ]
INFO: [ view_parse ] --END-- [ RunTime:0.008483s ]
INFO: [ view_filter ] --START--
INFO: Run Behavior\WriteHtmlCacheBehavior [ RunTime:0.001301s ]
INFO: [ view_filter ] --END-- [ RunTime:0.001421s ]
INFO: [ app_end ] --START--
INFO: Run Behavior\ShowPageTraceBehavior [ RunTime:0.001177s ]
INFO: [ app_end ] --END-- [ RunTime:0.001293s ]

[ 2017-05-09T18:00:54+08:00 ] ::1 /admin.php?c=login&a=check
INFO: [ app_init ] --START--
INFO: Run Behavior\BuildLiteBehavior [ RunTime:0.000020s ]
INFO: [ app_init ] --END-- [ RunTime:0.000646s ]
INFO: [ app_begin ] --START--
INFO: Run Behavior\ReadHtmlCacheBehavior [ RunTime:0.000709s ]
INFO: [ app_begin ] --END-- [ RunTime:0.000776s ]
SQL: SHOW COLUMNS FROM `cms_admin` [ RunTime:0.0334s ]
SQL: SELECT * FROM `cms_admin` WHERE ( username="admin" ) LIMIT 1   [ RunTime:0.0013s ]
SQL: UPDATE `cms_admin` SET `lastlogintime`='1494324054' WHERE ( admin_id=8 ) [ RunTime:0.0010s ]

[ 2017-05-09T18:00:57+08:00 ] ::1 /admin.php
INFO: [ app_init ] --START--
INFO: Run Behavior\BuildLiteBehavior [ RunTime:0.000019s ]
INFO: [ app_init ] --END-- [ RunTime:0.000676s ]
INFO: [ app_begin ] --START--
INFO: Run Behavior\ReadHtmlCacheBehavior [ RunTime:0.000800s ]
INFO: [ app_begin ] --END-- [ RunTime:0.000889s ]
NOTIC: [2048] Declaration of Common\Model\NewsModel::find() should be compatible with that of Think\Model::find() E:\Program Files\phpStudy\WWW\TP_imooc_me\Application\Common\Model\NewsModel.class.php 第 7 行.
SQL: SHOW COLUMNS FROM `cms_news` [ RunTime:0.0327s ]
SQL: SELECT * FROM `cms_news` WHERE `status` = 1 ORDER BY count desc LIMIT 1   [ RunTime:0.0182s ]
SQL: SELECT COUNT(*) AS tp_count FROM `cms_news` WHERE `status` = 1 LIMIT 1   [ RunTime:0.0009s ]
NOTIC: [2048] Declaration of Common\Model\PositionModel::find() should be compatible with that of Think\Model::find() E:\Program Files\phpStudy\WWW\TP_imooc_me\Application\Common\Model\PositionModel.class.php 第 64 行.
SQL: SHOW COLUMNS FROM `cms_position` [ RunTime:0.0200s ]
SQL: SELECT COUNT(*) AS tp_count FROM `cms_position` WHERE `status` <> -1 LIMIT 1   [ RunTime:0.0144s ]
SQL: SHOW COLUMNS FROM `cms_admin` [ RunTime:0.0154s ]
SQL: SELECT COUNT(*) AS tp_count FROM `cms_admin` WHERE `status` = 1 AND `lastlogintime` > 1494259200 LIMIT 1   [ RunTime:0.0010s ]
INFO: [ view_parse ] --START--
INFO: [ template_filter ] --START--
INFO: Run Behavior\ContentReplaceBehavior [ RunTime:0.000216s ]
INFO: [ template_filter ] --END-- [ RunTime:0.000428s ]
NOTIC: [2048] Declaration of Common\Model\MenuModel::find() should be compatible with that of Think\Model::find() E:\Program Files\phpStudy\WWW\TP_imooc_me\Application\Common\Model\MenuModel.class.php 第 135 行.
SQL: SHOW COLUMNS FROM `cms_menu` [ RunTime:0.0244s ]
SQL: SELECT * FROM `cms_menu` WHERE `status` <> -1 AND `type` = 1 ORDER BY listorder desc,menu_id desc  [ RunTime:0.0014s ]
INFO: Run Behavior\ParseTemplateBehavior [ RunTime:0.112154s ]
INFO: [ view_parse ] --END-- [ RunTime:0.112410s ]
INFO: [ view_filter ] --START--
INFO: Run Behavior\WriteHtmlCacheBehavior [ RunTime:0.001465s ]
INFO: [ view_filter ] --END-- [ RunTime:0.001639s ]
INFO: [ app_end ] --START--
INFO: Run Behavior\ShowPageTraceBehavior [ RunTime:0.002485s ]
INFO: [ app_end ] --END-- [ RunTime:0.002693s ]

[ 2017-05-09T18:01:10+08:00 ] ::1 /index.php?m=admin&c=menu&a=index
INFO: [ app_init ] --START--
INFO: Run Behavior\BuildLiteBehavior [ RunTime:0.000076s ]
INFO: [ app_init ] --END-- [ RunTime:0.003576s ]
INFO: [ app_begin ] --START--
INFO: Run Behavior\ReadHtmlCacheBehavior [ RunTime:0.002644s ]
INFO: [ app_begin ] --END-- [ RunTime:0.002926s ]
NOTIC: [8] Undefined index: p E:\Program Files\phpStudy\WWW\TP_imooc_me\Application\Admin\Controller\MenuController.class.php 第 22 行.
NOTIC: [8] Undefined index: pageSize E:\Program Files\phpStudy\WWW\TP_imooc_me\Application\Admin\Controller\MenuController.class.php 第 23 行.
NOTIC: [2048] Declaration of Common\Model\MenuModel::find() should be compatible with that of Think\Model::find() E:\Program Files\phpStudy\WWW\TP_imooc_me\Application\Common\Model\MenuModel.class.php 第 7 行.
SQL: SHOW COLUMNS FROM `cms_menu` [ RunTime:0.0147s ]
SQL: SELECT * FROM `cms_menu` WHERE `status` <> -1 ORDER BY listorder desc,menu_id desc LIMIT 0,6   [ RunTime:0.0013s ]
SQL: SELECT COUNT(*) AS tp_count FROM `cms_menu` WHERE `status` <> -1 LIMIT 1   [ RunTime:0.0009s ]
INFO: [ view_parse ] --START--
INFO: [ template_filter ] --START--
INFO: Run Behavior\ContentReplaceBehavior [ RunTime:0.000248s ]
INFO: [ template_filter ] --END-- [ RunTime:0.000461s ]
SQL: SELECT * FROM `cms_menu` WHERE `status` <> -1 AND `type` = 1 ORDER BY listorder desc,menu_id desc  [ RunTime:0.0016s ]
INFO: Run Behavior\ParseTemplateBehavior [ RunTime:0.061687s ]
INFO: [ view_parse ] --END-- [ RunTime:0.061934s ]
INFO: [ view_filter ] --START--
INFO: Run Behavior\WriteHtmlCacheBehavior [ RunTime:0.001748s ]
INFO: [ view_filter ] --END-- [ RunTime:0.001990s ]
INFO: [ app_end ] --START--
INFO: Run Behavior\ShowPageTraceBehavior [ RunTime:0.002211s ]
INFO: [ app_end ] --END-- [ RunTime:0.002488s ]

[ 2017-05-09T18:01:26+08:00 ] ::1 /index.php?m=admin&c=content&a=index
INFO: [ app_init ] --START--
INFO: Run Behavior\BuildLiteBehavior [ RunTime:0.000020s ]
INFO: [ app_init ] --END-- [ RunTime:0.000648s ]
INFO: [ app_begin ] --START--
INFO: Run Behavior\ReadHtmlCacheBehavior [ RunTime:0.000797s ]
INFO: [ app_begin ] --END-- [ RunTime:0.000876s ]
NOTIC: [8] Undefined index: title E:\Program Files\phpStudy\WWW\TP_imooc_me\Application\Admin\Controller\ContentController.class.php 第 18 行.
NOTIC: [8] Undefined index: catid E:\Program Files\phpStudy\WWW\TP_imooc_me\Application\Admin\Controller\ContentController.class.php 第 21 行.
NOTIC: [2048] Declaration of Common\Model\PositionModel::find() should be compatible with that of Think\Model::find() E:\Program Files\phpStudy\WWW\TP_imooc_me\Application\Common\Model\PositionModel.class.php 第 7 行.
SQL: SHOW COLUMNS FROM `cms_position` [ RunTime:0.0177s ]
NOTIC: [2] Missing argument 1 for Common\Model\PositionModel::getPositions(), called in E:\Program Files\phpStudy\WWW\TP_imooc_me\Application\Admin\Controller\ContentController.class.php on line 27 and defined E:\Program Files\phpStudy\WWW\TP_imooc_me\Application\Common\Model\PositionModel.class.php 第 15 行.
NOTIC: [2] Missing argument 2 for Common\Model\PositionModel::getPositions(), called in E:\Program Files\phpStudy\WWW\TP_imooc_me\Application\Admin\Controller\ContentController.class.php on line 27 and defined E:\Program Files\phpStudy\WWW\TP_imooc_me\Application\Common\Model\PositionModel.class.php 第 15 行.
NOTIC: [2] Missing argument 3 for Common\Model\PositionModel::getPositions(), called in E:\Program Files\phpStudy\WWW\TP_imooc_me\Application\Admin\Controller\ContentController.class.php on line 27 and defined E:\Program Files\phpStudy\WWW\TP_imooc_me\Application\Common\Model\PositionModel.class.php 第 15 行.
NOTIC: [8] Undefined variable: page E:\Program Files\phpStudy\WWW\TP_imooc_me\Application\Common\Model\PositionModel.class.php 第 18 行.
NOTIC: [8] Undefined variable: pageSize E:\Program Files\phpStudy\WWW\TP_imooc_me\Application\Common\Model\PositionModel.class.php 第 18 行.
NOTIC: [8] Undefined variable: pageSize E:\Program Files\phpStudy\WWW\TP_imooc_me\Application\Common\Model\PositionModel.class.php 第 19 行.
SQL: SELECT * FROM `cms_position` WHERE `status` <> -1 ORDER BY id  [ RunTime:0.0010s ]
NOTIC: [8] Undefined index: p E:\Program Files\phpStudy\WWW\TP_imooc_me\Application\Admin\Controller\ContentController.class.php 第 30 行.
NOTIC: [8] Undefined index: pageSize E:\Program Files\phpStudy\WWW\TP_imooc_me\Application\Admin\Controller\ContentController.class.php 第 31 行.
NOTIC: [2048] Declaration of Common\Model\NewsModel::find() should be compatible with that of Think\Model::find() E:\Program Files\phpStudy\WWW\TP_imooc_me\Application\Common\Model\NewsModel.class.php 第 154 行.
SQL: SHOW COLUMNS FROM `cms_news` [ RunTime:0.0142s ]
SQL: SELECT * FROM `cms_news` WHERE `status` <> -1 ORDER BY listorder desc,news_id desc LIMIT 0,6   [ RunTime:0.0286s ]
SQL: SELECT COUNT(*) AS tp_count FROM `cms_news` LIMIT 1   [ RunTime:0.0007s ]
NOTIC: [2048] Declaration of Common\Model\MenuModel::find() should be compatible with that of Think\Model::find() E:\Program Files\phpStudy\WWW\TP_imooc_me\Application\Common\Model\MenuModel.class.php 第 135 行.
SQL: SHOW COLUMNS FROM `cms_menu` [ RunTime:0.0273s ]
SQL: SELECT * FROM `cms_menu` WHERE `status` <> -1 AND `type` = 0 ORDER BY listorder desc,menu_id desc  [ RunTime:0.0028s ]
INFO: [ view_parse ] --START--
INFO: [ template_filter ] --START--
INFO: Run Behavior\ContentReplaceBehavior [ RunTime:0.000171s ]
INFO: [ template_filter ] --END-- [ RunTime:0.000301s ]
SQL: SELECT * FROM `cms_menu` WHERE `status` <> -1 AND `type` = 1 ORDER BY listorder desc,menu_id desc  [ RunTime:0.0008s ]
NOTIC: [8] Undefined index: catid E:\Program Files\phpStudy\WWW\TP_imooc_me\Application\Runtime\Cache\Admin\ccc9ced3ad798311a07cb47b740981c5.php 第 119 行.
NOTIC: [8] Undefined index: catid E:\Program Files\phpStudy\WWW\TP_imooc_me\Application\Runtime\Cache\Admin\ccc9ced3ad798311a07cb47b740981c5.php 第 119 行.
NOTIC: [8] Undefined index: catid E:\Program Files\phpStudy\WWW\TP_imooc_me\Application\Runtime\Cache\Admin\ccc9ced3ad798311a07cb47b740981c5.php 第 119 行.
NOTIC: [8] Undefined index: title E:\Program Files\phpStudy\WWW\TP_imooc_me\Application\Runtime\Cache\Admin\ccc9ced3ad798311a07cb47b740981c5.php 第 128 行.
INFO: Run Behavior\ParseTemplateBehavior [ RunTime:0.034076s ]
INFO: [ view_parse ] --END-- [ RunTime:0.034224s ]
INFO: [ view_filter ] --START--
INFO: Run Behavior\WriteHtmlCacheBehavior [ RunTime:0.000924s ]
INFO: [ view_filter ] --END-- [ RunTime:0.001033s ]
INFO: [ app_end ] --START--
INFO: Run Behavior\ShowPageTraceBehavior [ RunTime:0.001695s ]
INFO: [ app_end ] --END-- [ RunTime:0.001875s ]

[ 2017-05-09T18:01:40+08:00 ] ::1 /index.php?m=admin&c=position&a=index
INFO: [ app_init ] --START--
INFO: Run Behavior\BuildLiteBehavior [ RunTime:0.000023s ]
INFO: [ app_init ] --END-- [ RunTime:0.000669s ]
INFO: [ app_begin ] --START--
INFO: Run Behavior\ReadHtmlCacheBehavior [ RunTime:0.000720s ]
INFO: [ app_begin ] --END-- [ RunTime:0.000803s ]
NOTIC: [8] Undefined index: p E:\Program Files\phpStudy\WWW\TP_imooc_me\Application\Admin\Controller\PositionController.class.php 第 11 行.
NOTIC: [8] Undefined index: pageSize E:\Program Files\phpStudy\WWW\TP_imooc_me\Application\Admin\Controller\PositionController.class.php 第 12 行.
NOTIC: [2048] Declaration of Common\Model\PositionModel::find() should be compatible with that of Think\Model::find() E:\Program Files\phpStudy\WWW\TP_imooc_me\Application\Common\Model\PositionModel.class.php 第 7 行.
SQL: SHOW COLUMNS FROM `cms_position` [ RunTime:0.0158s ]
SQL: SELECT COUNT(*) AS tp_count FROM `cms_position` WHERE `status` <> -1 LIMIT 1   [ RunTime:0.0008s ]
SQL: SELECT * FROM `cms_position` WHERE `status` <> -1 ORDER BY id LIMIT 0,6   [ RunTime:0.0011s ]
INFO: [ view_parse ] --START--
INFO: [ template_filter ] --START--
INFO: Run Behavior\ContentReplaceBehavior [ RunTime:0.000233s ]
INFO: [ template_filter ] --END-- [ RunTime:0.000442s ]
NOTIC: [2048] Declaration of Common\Model\MenuModel::find() should be compatible with that of Think\Model::find() E:\Program Files\phpStudy\WWW\TP_imooc_me\Application\Common\Model\MenuModel.class.php 第 135 行.
SQL: SHOW COLUMNS FROM `cms_menu` [ RunTime:0.0155s ]
SQL: SELECT * FROM `cms_menu` WHERE `status` <> -1 AND `type` = 1 ORDER BY listorder desc,menu_id desc  [ RunTime:0.0012s ]
INFO: Run Behavior\ParseTemplateBehavior [ RunTime:0.092417s ]
INFO: [ view_parse ] --END-- [ RunTime:0.092644s ]
INFO: [ view_filter ] --START--
INFO: Run Behavior\WriteHtmlCacheBehavior [ RunTime:0.001471s ]
INFO: [ view_filter ] --END-- [ RunTime:0.001651s ]
INFO: [ app_end ] --START--
INFO: Run Behavior\ShowPageTraceBehavior [ RunTime:0.002296s ]
INFO: [ app_end ] --END-- [ RunTime:0.002573s ]

[ 2017-05-09T18:01:44+08:00 ] ::1 /index.php?m=admin&c=positioncontent&a=index
INFO: [ app_init ] --START--
INFO: Run Behavior\BuildLiteBehavior [ RunTime:0.000026s ]
INFO: [ app_init ] --END-- [ RunTime:0.000602s ]
INFO: [ app_begin ] --START--
INFO: Run Behavior\ReadHtmlCacheBehavior [ RunTime:0.000701s ]
INFO: [ app_begin ] --END-- [ RunTime:0.000799s ]
NOTIC: [2048] Declaration of Common\Model\PositionModel::find() should be compatible with that of Think\Model::find() E:\Program Files\phpStudy\WWW\TP_imooc_me\Application\Common\Model\PositionModel.class.php 第 7 行.
SQL: SHOW COLUMNS FROM `cms_position` [ RunTime:0.0138s ]
NOTIC: [2] Missing argument 1 for Common\Model\PositionModel::getPositions(), called in E:\Program Files\phpStudy\WWW\TP_imooc_me\Application\Admin\Controller\PositioncontentController.class.php on line 14 and defined E:\Program Files\phpStudy\WWW\TP_imooc_me\Application\Common\Model\PositionModel.class.php 第 15 行.
NOTIC: [2] Missing argument 2 for Common\Model\PositionModel::getPositions(), called in E:\Program Files\phpStudy\WWW\TP_imooc_me\Application\Admin\Controller\PositioncontentController.class.php on line 14 and defined E:\Program Files\phpStudy\WWW\TP_imooc_me\Application\Common\Model\PositionModel.class.php 第 15 行.
NOTIC: [2] Missing argument 3 for Common\Model\PositionModel::getPositions(), called in E:\Program Files\phpStudy\WWW\TP_imooc_me\Application\Admin\Controller\PositioncontentController.class.php on line 14 and defined E:\Program Files\phpStudy\WWW\TP_imooc_me\Application\Common\Model\PositionModel.class.php 第 15 行.
NOTIC: [8] Undefined variable: page E:\Program Files\phpStudy\WWW\TP_imooc_me\Application\Common\Model\PositionModel.class.php 第 18 行.
NOTIC: [8] Undefined variable: pageSize E:\Program Files\phpStudy\WWW\TP_imooc_me\Application\Common\Model\PositionModel.class.php 第 18 行.
NOTIC: [8] Undefined variable: pageSize E:\Program Files\phpStudy\WWW\TP_imooc_me\Application\Common\Model\PositionModel.class.php 第 19 行.
SQL: SELECT * FROM `cms_position` WHERE `status` <> -1 ORDER BY id  [ RunTime:0.0013s ]
NOTIC: [8] Undefined index: title E:\Program Files\phpStudy\WWW\TP_imooc_me\Application\Admin\Controller\PositioncontentController.class.php 第 16 行.
NOTIC: [8] Undefined index: position_id E:\Program Files\phpStudy\WWW\TP_imooc_me\Application\Admin\Controller\PositioncontentController.class.php 第 20 行.
NOTIC: [8] Undefined index: p E:\Program Files\phpStudy\WWW\TP_imooc_me\Application\Admin\Controller\PositioncontentController.class.php 第 22 行.
NOTIC: [8] Undefined index: pageSize E:\Program Files\phpStudy\WWW\TP_imooc_me\Application\Admin\Controller\PositioncontentController.class.php 第 23 行.
NOTIC: [2048] Declaration of Common\Model\PositionContentModel::select() should be compatible with that of Think\Model::select() E:\Program Files\phpStudy\WWW\TP_imooc_me\Application\Common\Model\PositionContentModel.class.php 第 82 行.
NOTIC: [2048] Declaration of Common\Model\PositionContentModel::find() should be compatible with that of Think\Model::find() E:\Program Files\phpStudy\WWW\TP_imooc_me\Application\Common\Model\PositionContentModel.class.php 第 82 行.
SQL: SHOW COLUMNS FROM `cms_position_content` [ RunTime:0.0479s ]
SQL: SELECT COUNT(*) AS tp_count FROM `cms_position_content` WHERE `position_id` = 3 AND `status` <> -1 LIMIT 1   [ RunTime:0.0015s ]
SQL: SELECT * FROM `cms_position_content` WHERE `position_id` = 3 AND `status` <> -1 ORDER BY listorder desc,id desc LIMIT 0,6   [ RunTime:0.0011s ]
INFO: [ view_parse ] --START--
INFO: [ template_filter ] --START--
INFO: Run Behavior\ContentReplaceBehavior [ RunTime:0.000258s ]
INFO: [ template_filter ] --END-- [ RunTime:0.000493s ]
NOTIC: [2048] Declaration of Common\Model\MenuModel::find() should be compatible with that of Think\Model::find() E:\Program Files\phpStudy\WWW\TP_imooc_me\Application\Common\Model\MenuModel.class.php 第 135 行.
SQL: SHOW COLUMNS FROM `cms_menu` [ RunTime:0.0180s ]
SQL: SELECT * FROM `cms_menu` WHERE `status` <> -1 AND `type` = 1 ORDER BY listorder desc,menu_id desc  [ RunTime:0.0019s ]
NOTIC: [8] Undefined variable: title E:\Program Files\phpStudy\WWW\TP_imooc_me\Application\Runtime\Cache\Admin\b8a8b9d170e6c07d7b463ea02385894d.php 第 119 行.
INFO: Run Behavior\ParseTemplateBehavior [ RunTime:0.075383s ]
INFO: [ view_parse ] --END-- [ RunTime:0.075668s ]
INFO: [ view_filter ] --START--
INFO: Run Behavior\WriteHtmlCacheBehavior [ RunTime:0.001870s ]
INFO: [ view_filter ] --END-- [ RunTime:0.002134s ]
INFO: [ app_end ] --START--
INFO: Run Behavior\ShowPageTraceBehavior [ RunTime:0.002647s ]
INFO: [ app_end ] --END-- [ RunTime:0.002980s ]

[ 2017-05-09T18:01:51+08:00 ] ::1 /index.php?m=admin&c=basic&a=index
INFO: [ app_init ] --START--
INFO: Run Behavior\BuildLiteBehavior [ RunTime:0.000020s ]
INFO: [ app_init ] --END-- [ RunTime:0.000698s ]
INFO: [ app_begin ] --START--
INFO: Run Behavior\ReadHtmlCacheBehavior [ RunTime:0.000882s ]
INFO: [ app_begin ] --END-- [ RunTime:0.000986s ]
NOTIC: [2048] Declaration of Common\Model\BasicModel::save() should be compatible with that of Think\Model::save() E:\Program Files\phpStudy\WWW\TP_imooc_me\Application\Common\Model\BasicModel.class.php 第 8 行.
NOTIC: [2048] Declaration of Common\Model\BasicModel::select() should be compatible with that of Think\Model::select() E:\Program Files\phpStudy\WWW\TP_imooc_me\Application\Common\Model\BasicModel.class.php 第 8 行.
SQL: SHOW COLUMNS FROM `cms_admin` [ RunTime:0.0154s ]
INFO: [ view_parse ] --START--
INFO: [ template_filter ] --START--
INFO: Run Behavior\ContentReplaceBehavior [ RunTime:0.000438s ]
INFO: [ template_filter ] --END-- [ RunTime:0.001147s ]
NOTIC: [2048] Declaration of Common\Model\MenuModel::find() should be compatible with that of Think\Model::find() E:\Program Files\phpStudy\WWW\TP_imooc_me\Application\Common\Model\MenuModel.class.php 第 135 行.
SQL: SHOW COLUMNS FROM `cms_menu` [ RunTime:0.0147s ]
SQL: SELECT * FROM `cms_menu` WHERE `status` <> -1 AND `type` = 1 ORDER BY listorder desc,menu_id desc  [ RunTime:0.0014s ]
NOTIC: [8] Undefined variable: type E:\Program Files\phpStudy\WWW\TP_imooc_me\Application\Runtime\Cache\Admin\bb97361d9e4731aec48331de29e1c4d1.php 第 95 行.
NOTIC: [8] Undefined variable: type E:\Program Files\phpStudy\WWW\TP_imooc_me\Application\Runtime\Cache\Admin\bb97361d9e4731aec48331de29e1c4d1.php 第 98 行.
INFO: Run Behavior\ParseTemplateBehavior [ RunTime:0.108275s ]
INFO: [ view_parse ] --END-- [ RunTime:0.108532s ]
INFO: [ view_filter ] --START--
INFO: Run Behavior\WriteHtmlCacheBehavior [ RunTime:0.001746s ]
INFO: [ view_filter ] --END-- [ RunTime:0.002006s ]
INFO: [ app_end ] --START--
INFO: Run Behavior\ShowPageTraceBehavior [ RunTime:0.002749s ]
INFO: [ app_end ] --END-- [ RunTime:0.003090s ]

[ 2017-05-09T18:01:54+08:00 ] ::1 /index.php?m=admin&c=admin&a=index
INFO: [ app_init ] --START--
INFO: Run Behavior\BuildLiteBehavior [ RunTime:0.000018s ]
INFO: [ app_init ] --END-- [ RunTime:0.000520s ]
INFO: [ app_begin ] --START--
INFO: Run Behavior\ReadHtmlCacheBehavior [ RunTime:0.000639s ]
INFO: [ app_begin ] --END-- [ RunTime:0.000706s ]
SQL: SHOW COLUMNS FROM `cms_admin` [ RunTime:0.0159s ]
SQL: SELECT * FROM `cms_admin` WHERE `status` <> -1 ORDER BY admin_id desc  [ RunTime:0.0012s ]
INFO: [ view_parse ] --START--
INFO: [ template_filter ] --START--
INFO: Run Behavior\ContentReplaceBehavior [ RunTime:0.000236s ]
INFO: [ template_filter ] --END-- [ RunTime:0.000439s ]
NOTIC: [2048] Declaration of Common\Model\MenuModel::find() should be compatible with that of Think\Model::find() E:\Program Files\phpStudy\WWW\TP_imooc_me\Application\Common\Model\MenuModel.class.php 第 135 行.
SQL: SHOW COLUMNS FROM `cms_menu` [ RunTime:0.0141s ]
SQL: SELECT * FROM `cms_menu` WHERE `status` <> -1 AND `type` = 1 ORDER BY listorder desc,menu_id desc  [ RunTime:0.0012s ]
INFO: Run Behavior\ParseTemplateBehavior [ RunTime:0.093619s ]
INFO: [ view_parse ] --END-- [ RunTime:0.093874s ]
INFO: [ view_filter ] --START--
INFO: Run Behavior\WriteHtmlCacheBehavior [ RunTime:0.001445s ]
INFO: [ view_filter ] --END-- [ RunTime:0.001665s ]
INFO: [ app_end ] --START--
INFO: Run Behavior\ShowPageTraceBehavior [ RunTime:0.001929s ]
INFO: [ app_end ] --END-- [ RunTime:0.002114s ]

[ 2017-05-09T18:01:59+08:00 ] ::1 /index.php?m=admin&c=positioncontent&a=index
INFO: [ app_init ] --START--
INFO: Run Behavior\BuildLiteBehavior [ RunTime:0.000017s ]
INFO: [ app_init ] --END-- [ RunTime:0.000574s ]
INFO: [ app_begin ] --START--
INFO: Run Behavior\ReadHtmlCacheBehavior [ RunTime:0.000674s ]
INFO: [ app_begin ] --END-- [ RunTime:0.000746s ]
NOTIC: [2048] Declaration of Common\Model\PositionModel::find() should be compatible with that of Think\Model::find() E:\Program Files\phpStudy\WWW\TP_imooc_me\Application\Common\Model\PositionModel.class.php 第 7 行.
SQL: SHOW COLUMNS FROM `cms_position` [ RunTime:0.0156s ]
NOTIC: [2] Missing argument 1 for Common\Model\PositionModel::getPositions(), called in E:\Program Files\phpStudy\WWW\TP_imooc_me\Application\Admin\Controller\PositioncontentController.class.php on line 14 and defined E:\Program Files\phpStudy\WWW\TP_imooc_me\Application\Common\Model\PositionModel.class.php 第 15 行.
NOTIC: [2] Missing argument 2 for Common\Model\PositionModel::getPositions(), called in E:\Program Files\phpStudy\WWW\TP_imooc_me\Application\Admin\Controller\PositioncontentController.class.php on line 14 and defined E:\Program Files\phpStudy\WWW\TP_imooc_me\Application\Common\Model\PositionModel.class.php 第 15 行.
NOTIC: [2] Missing argument 3 for Common\Model\PositionModel::getPositions(), called in E:\Program Files\phpStudy\WWW\TP_imooc_me\Application\Admin\Controller\PositioncontentController.class.php on line 14 and defined E:\Program Files\phpStudy\WWW\TP_imooc_me\Application\Common\Model\PositionModel.class.php 第 15 行.
NOTIC: [8] Undefined variable: page E:\Program Files\phpStudy\WWW\TP_imooc_me\Application\Common\Model\PositionModel.class.php 第 18 行.
NOTIC: [8] Undefined variable: pageSize E:\Program Files\phpStudy\WWW\TP_imooc_me\Application\Common\Model\PositionModel.class.php 第 18 行.
NOTIC: [8] Undefined variable: pageSize E:\Program Files\phpStudy\WWW\TP_imooc_me\Application\Common\Model\PositionModel.class.php 第 19 行.
SQL: SELECT * FROM `cms_position` WHERE `status` <> -1 ORDER BY id  [ RunTime:0.0011s ]
NOTIC: [8] Undefined index: title E:\Program Files\phpStudy\WWW\TP_imooc_me\Application\Admin\Controller\PositioncontentController.class.php 第 16 行.
NOTIC: [8] Undefined index: position_id E:\Program Files\phpStudy\WWW\TP_imooc_me\Application\Admin\Controller\PositioncontentController.class.php 第 20 行.
NOTIC: [8] Undefined index: p E:\Program Files\phpStudy\WWW\TP_imooc_me\Application\Admin\Controller\PositioncontentController.class.php 第 22 行.
NOTIC: [8] Undefined index: pageSize E:\Program Files\phpStudy\WWW\TP_imooc_me\Application\Admin\Controller\PositioncontentController.class.php 第 23 行.
NOTIC: [2048] Declaration of Common\Model\PositionContentModel::select() should be compatible with that of Think\Model::select() E:\Program Files\phpStudy\WWW\TP_imooc_me\Application\Common\Model\PositionContentModel.class.php 第 82 行.
NOTIC: [2048] Declaration of Common\Model\PositionContentModel::find() should be compatible with that of Think\Model::find() E:\Program Files\phpStudy\WWW\TP_imooc_me\Application\Common\Model\PositionContentModel.class.php 第 82 行.
SQL: SHOW COLUMNS FROM `cms_position_content` [ RunTime:0.0137s ]
SQL: SELECT COUNT(*) AS tp_count FROM `cms_position_content` WHERE `position_id` = 3 AND `status` <> -1 LIMIT 1   [ RunTime:0.0010s ]
SQL: SELECT * FROM `cms_position_content` WHERE `position_id` = 3 AND `status` <> -1 ORDER BY listorder desc,id desc LIMIT 0,6   [ RunTime:0.0012s ]
INFO: [ view_parse ] --START--
INFO: [ template_filter ] --START--
INFO: Run Behavior\ContentReplaceBehavior [ RunTime:0.000255s ]
INFO: [ template_filter ] --END-- [ RunTime:0.000456s ]
NOTIC: [2048] Declaration of Common\Model\MenuModel::find() should be compatible with that of Think\Model::find() E:\Program Files\phpStudy\WWW\TP_imooc_me\Application\Common\Model\MenuModel.class.php 第 135 行.
SQL: SHOW COLUMNS FROM `cms_menu` [ RunTime:0.0147s ]
SQL: SELECT * FROM `cms_menu` WHERE `status` <> -1 AND `type` = 1 ORDER BY listorder desc,menu_id desc  [ RunTime:0.0012s ]
NOTIC: [8] Undefined variable: title E:\Program Files\phpStudy\WWW\TP_imooc_me\Application\Runtime\Cache\Admin\b8a8b9d170e6c07d7b463ea02385894d.php 第 119 行.
INFO: Run Behavior\ParseTemplateBehavior [ RunTime:0.059994s ]
INFO: [ view_parse ] --END-- [ RunTime:0.060200s ]
INFO: [ view_filter ] --START--
INFO: Run Behavior\WriteHtmlCacheBehavior [ RunTime:0.001456s ]
INFO: [ view_filter ] --END-- [ RunTime:0.001645s ]
INFO: [ app_end ] --START--
INFO: Run Behavior\ShowPageTraceBehavior [ RunTime:0.002372s ]
INFO: [ app_end ] --END-- [ RunTime:0.002654s ]

[ 2017-05-09T18:02:04+08:00 ] ::1 /admin.php?position_id=5&c=positioncontent&a=index&title=
INFO: [ app_init ] --START--
INFO: Run Behavior\BuildLiteBehavior [ RunTime:0.000034s ]
INFO: [ app_init ] --END-- [ RunTime:0.000918s ]
INFO: [ app_begin ] --START--
INFO: Run Behavior\ReadHtmlCacheBehavior [ RunTime:0.000957s ]
INFO: [ app_begin ] --END-- [ RunTime:0.001064s ]
NOTIC: [2048] Declaration of Common\Model\PositionModel::find() should be compatible with that of Think\Model::find() E:\Program Files\phpStudy\WWW\TP_imooc_me\Application\Common\Model\PositionModel.class.php 第 7 行.
SQL: SHOW COLUMNS FROM `cms_position` [ RunTime:0.0144s ]
NOTIC: [2] Missing argument 1 for Common\Model\PositionModel::getPositions(), called in E:\Program Files\phpStudy\WWW\TP_imooc_me\Application\Admin\Controller\PositioncontentController.class.php on line 14 and defined E:\Program Files\phpStudy\WWW\TP_imooc_me\Application\Common\Model\PositionModel.class.php 第 15 行.
NOTIC: [2] Missing argument 2 for Common\Model\PositionModel::getPositions(), called in E:\Program Files\phpStudy\WWW\TP_imooc_me\Application\Admin\Controller\PositioncontentController.class.php on line 14 and defined E:\Program Files\phpStudy\WWW\TP_imooc_me\Application\Common\Model\PositionModel.class.php 第 15 行.
NOTIC: [2] Missing argument 3 for Common\Model\PositionModel::getPositions(), called in E:\Program Files\phpStudy\WWW\TP_imooc_me\Application\Admin\Controller\PositioncontentController.class.php on line 14 and defined E:\Program Files\phpStudy\WWW\TP_imooc_me\Application\Common\Model\PositionModel.class.php 第 15 行.
NOTIC: [8] Undefined variable: page E:\Program Files\phpStudy\WWW\TP_imooc_me\Application\Common\Model\PositionModel.class.php 第 18 行.
NOTIC: [8] Undefined variable: pageSize E:\Program Files\phpStudy\WWW\TP_imooc_me\Application\Common\Model\PositionModel.class.php 第 18 行.
NOTIC: [8] Undefined variable: pageSize E:\Program Files\phpStudy\WWW\TP_imooc_me\Application\Common\Model\PositionModel.class.php 第 19 行.
SQL: SELECT * FROM `cms_position` WHERE `status` <> -1 ORDER BY id  [ RunTime:0.0010s ]
NOTIC: [8] Undefined index: p E:\Program Files\phpStudy\WWW\TP_imooc_me\Application\Admin\Controller\PositioncontentController.class.php 第 22 行.
NOTIC: [8] Undefined index: pageSize E:\Program Files\phpStudy\WWW\TP_imooc_me\Application\Admin\Controller\PositioncontentController.class.php 第 23 行.
NOTIC: [2048] Declaration of Common\Model\PositionContentModel::select() should be compatible with that of Think\Model::select() E:\Program Files\phpStudy\WWW\TP_imooc_me\Application\Common\Model\PositionContentModel.class.php 第 82 行.
NOTIC: [2048] Declaration of Common\Model\PositionContentModel::find() should be compatible with that of Think\Model::find() E:\Program Files\phpStudy\WWW\TP_imooc_me\Application\Common\Model\PositionContentModel.class.php 第 82 行.
SQL: SHOW COLUMNS FROM `cms_position_content` [ RunTime:0.0143s ]
SQL: SELECT COUNT(*) AS tp_count FROM `cms_position_content` WHERE `position_id` = 5 AND `status` <> -1 LIMIT 1   [ RunTime:0.0009s ]
SQL: SELECT * FROM `cms_position_content` WHERE `position_id` = 5 AND `status` <> -1 ORDER BY listorder desc,id desc LIMIT 0,6   [ RunTime:0.0012s ]
INFO: [ view_parse ] --START--
INFO: [ template_filter ] --START--
INFO: Run Behavior\ContentReplaceBehavior [ RunTime:0.000254s ]
INFO: [ template_filter ] --END-- [ RunTime:0.000459s ]
NOTIC: [2048] Declaration of Common\Model\MenuModel::find() should be compatible with that of Think\Model::find() E:\Program Files\phpStudy\WWW\TP_imooc_me\Application\Common\Model\MenuModel.class.php 第 135 行.
SQL: SHOW COLUMNS FROM `cms_menu` [ RunTime:0.0151s ]
SQL: SELECT * FROM `cms_menu` WHERE `status` <> -1 AND `type` = 1 ORDER BY listorder desc,menu_id desc  [ RunTime:0.0011s ]
NOTIC: [8] Undefined variable: title E:\Program Files\phpStudy\WWW\TP_imooc_me\Application\Runtime\Cache\Admin\b8a8b9d170e6c07d7b463ea02385894d.php 第 119 行.
INFO: Run Behavior\ParseTemplateBehavior [ RunTime:0.060558s ]
INFO: [ view_parse ] --END-- [ RunTime:0.060751s ]
INFO: [ view_filter ] --START--
INFO: Run Behavior\WriteHtmlCacheBehavior [ RunTime:0.001425s ]
INFO: [ view_filter ] --END-- [ RunTime:0.001613s ]
INFO: [ app_end ] --START--
INFO: Run Behavior\ShowPageTraceBehavior [ RunTime:0.002428s ]
INFO: [ app_end ] --END-- [ RunTime:0.002640s ]

[ 2017-05-09T18:02:09+08:00 ] ::1 /admin.php?c=positioncontent&a=edit&id=44
INFO: [ app_init ] --START--
INFO: Run Behavior\BuildLiteBehavior [ RunTime:0.000018s ]
INFO: [ app_init ] --END-- [ RunTime:0.000592s ]
INFO: [ app_begin ] --START--
INFO: Run Behavior\ReadHtmlCacheBehavior [ RunTime:0.000710s ]
INFO: [ app_begin ] --END-- [ RunTime:0.000779s ]
NOTIC: [2048] Declaration of Common\Model\PositionContentModel::select() should be compatible with that of Think\Model::select() E:\Program Files\phpStudy\WWW\TP_imooc_me\Application\Common\Model\PositionContentModel.class.php 第 7 行.
NOTIC: [2048] Declaration of Common\Model\PositionContentModel::find() should be compatible with that of Think\Model::find() E:\Program Files\phpStudy\WWW\TP_imooc_me\Application\Common\Model\PositionContentModel.class.php 第 7 行.
SQL: SHOW COLUMNS FROM `cms_position_content` [ RunTime:0.0161s ]
SQL: SELECT * FROM `cms_position_content` WHERE ( id=44 ) LIMIT 1   [ RunTime:0.0010s ]
NOTIC: [2048] Declaration of Common\Model\PositionModel::find() should be compatible with that of Think\Model::find() E:\Program Files\phpStudy\WWW\TP_imooc_me\Application\Common\Model\PositionModel.class.php 第 64 行.
SQL: SHOW COLUMNS FROM `cms_position` [ RunTime:0.0163s ]
NOTIC: [2] Missing argument 1 for Common\Model\PositionModel::getPositions(), called in E:\Program Files\phpStudy\WWW\TP_imooc_me\Application\Admin\Controller\PositioncontentController.class.php on line 84 and defined E:\Program Files\phpStudy\WWW\TP_imooc_me\Application\Common\Model\PositionModel.class.php 第 15 行.
NOTIC: [2] Missing argument 2 for Common\Model\PositionModel::getPositions(), called in E:\Program Files\phpStudy\WWW\TP_imooc_me\Application\Admin\Controller\PositioncontentController.class.php on line 84 and defined E:\Program Files\phpStudy\WWW\TP_imooc_me\Application\Common\Model\PositionModel.class.php 第 15 行.
NOTIC: [2] Missing argument 3 for Common\Model\PositionModel::getPositions(), called in E:\Program Files\phpStudy\WWW\TP_imooc_me\Application\Admin\Controller\PositioncontentController.class.php on line 84 and defined E:\Program Files\phpStudy\WWW\TP_imooc_me\Application\Common\Model\PositionModel.class.php 第 15 行.
NOTIC: [8] Undefined variable: page E:\Program Files\phpStudy\WWW\TP_imooc_me\Application\Common\Model\PositionModel.class.php 第 18 行.
NOTIC: [8] Undefined variable: pageSize E:\Program Files\phpStudy\WWW\TP_imooc_me\Application\Common\Model\PositionModel.class.php 第 18 行.
NOTIC: [8] Undefined variable: pageSize E:\Program Files\phpStudy\WWW\TP_imooc_me\Application\Common\Model\PositionModel.class.php 第 19 行.
SQL: SELECT * FROM `cms_position` WHERE `status` <> -1 ORDER BY id  [ RunTime:0.0011s ]
INFO: [ view_parse ] --START--
INFO: [ template_filter ] --START--
INFO: Run Behavior\ContentReplaceBehavior [ RunTime:0.000233s ]
INFO: [ template_filter ] --END-- [ RunTime:0.000444s ]
NOTIC: [2048] Declaration of Common\Model\MenuModel::find() should be compatible with that of Think\Model::find() E:\Program Files\phpStudy\WWW\TP_imooc_me\Application\Common\Model\MenuModel.class.php 第 135 行.
SQL: SHOW COLUMNS FROM `cms_menu` [ RunTime:0.0148s ]
SQL: SELECT * FROM `cms_menu` WHERE `status` <> -1 AND `type` = 1 ORDER BY listorder desc,menu_id desc  [ RunTime:0.0012s ]
INFO: Run Behavior\ParseTemplateBehavior [ RunTime:0.085845s ]
INFO: [ view_parse ] --END-- [ RunTime:0.086083s ]
INFO: [ view_filter ] --START--
INFO: Run Behavior\WriteHtmlCacheBehavior [ RunTime:0.001905s ]
INFO: [ view_filter ] --END-- [ RunTime:0.002134s ]
INFO: [ app_end ] --START--
INFO: Run Behavior\ShowPageTraceBehavior [ RunTime:0.002064s ]
INFO: [ app_end ] --END-- [ RunTime:0.002269s ]

[ 2017-05-09T18:02:18+08:00 ] ::1 /admin.php?c=positioncontent&a=add
INFO: [ app_init ] --START--
INFO: Run Behavior\BuildLiteBehavior [ RunTime:0.000021s ]
INFO: [ app_init ] --END-- [ RunTime:0.000670s ]
INFO: [ app_begin ] --START--
INFO: Run Behavior\ReadHtmlCacheBehavior [ RunTime:0.000774s ]
INFO: [ app_begin ] --END-- [ RunTime:0.000852s ]
NOTIC: [2048] Declaration of Common\Model\PositionContentModel::select() should be compatible with that of Think\Model::select() E:\Program Files\phpStudy\WWW\TP_imooc_me\Application\Common\Model\PositionContentModel.class.php 第 7 行.
NOTIC: [2048] Declaration of Common\Model\PositionContentModel::find() should be compatible with that of Think\Model::find() E:\Program Files\phpStudy\WWW\TP_imooc_me\Application\Common\Model\PositionContentModel.class.php 第 7 行.
SQL: SHOW COLUMNS FROM `cms_position_content` [ RunTime:0.0147s ]
SQL: UPDATE `cms_position_content` SET `title`='http://www.imooc.com/course/list?c=android',`position_id`='5',`thumb`='./upload/2016/07/06/577d1042cec4c.jpg',`url`='http://www.imooc.com/course/list?c=android',`news_id`='0',`status`='1' WHERE ( id=44 ) [ RunTime:0.0009s ]

[ 2017-05-09T18:02:21+08:00 ] ::1 /admin.php?c=positioncontent&a=index
INFO: [ app_init ] --START--
INFO: Run Behavior\BuildLiteBehavior [ RunTime:0.000034s ]
INFO: [ app_init ] --END-- [ RunTime:0.000590s ]
INFO: [ app_begin ] --START--
INFO: Run Behavior\ReadHtmlCacheBehavior [ RunTime:0.000678s ]
INFO: [ app_begin ] --END-- [ RunTime:0.000744s ]
NOTIC: [2048] Declaration of Common\Model\PositionModel::find() should be compatible with that of Think\Model::find() E:\Program Files\phpStudy\WWW\TP_imooc_me\Application\Common\Model\PositionModel.class.php 第 7 行.
SQL: SHOW COLUMNS FROM `cms_position` [ RunTime:0.0178s ]
NOTIC: [2] Missing argument 1 for Common\Model\PositionModel::getPositions(), called in E:\Program Files\phpStudy\WWW\TP_imooc_me\Application\Admin\Controller\PositioncontentController.class.php on line 14 and defined E:\Program Files\phpStudy\WWW\TP_imooc_me\Application\Common\Model\PositionModel.class.php 第 15 行.
NOTIC: [2] Missing argument 2 for Common\Model\PositionModel::getPositions(), called in E:\Program Files\phpStudy\WWW\TP_imooc_me\Application\Admin\Controller\PositioncontentController.class.php on line 14 and defined E:\Program Files\phpStudy\WWW\TP_imooc_me\Application\Common\Model\PositionModel.class.php 第 15 行.
NOTIC: [2] Missing argument 3 for Common\Model\PositionModel::getPositions(), called in E:\Program Files\phpStudy\WWW\TP_imooc_me\Application\Admin\Controller\PositioncontentController.class.php on line 14 and defined E:\Program Files\phpStudy\WWW\TP_imooc_me\Application\Common\Model\PositionModel.class.php 第 15 行.
NOTIC: [8] Undefined variable: page E:\Program Files\phpStudy\WWW\TP_imooc_me\Application\Common\Model\PositionModel.class.php 第 18 行.
NOTIC: [8] Undefined variable: pageSize E:\Program Files\phpStudy\WWW\TP_imooc_me\Application\Common\Model\PositionModel.class.php 第 18 行.
NOTIC: [8] Undefined variable: pageSize E:\Program Files\phpStudy\WWW\TP_imooc_me\Application\Common\Model\PositionModel.class.php 第 19 行.
SQL: SELECT * FROM `cms_position` WHERE `status` <> -1 ORDER BY id  [ RunTime:0.0013s ]
NOTIC: [8] Undefined index: title E:\Program Files\phpStudy\WWW\TP_imooc_me\Application\Admin\Controller\PositioncontentController.class.php 第 16 行.
NOTIC: [8] Undefined index: position_id E:\Program Files\phpStudy\WWW\TP_imooc_me\Application\Admin\Controller\PositioncontentController.class.php 第 20 行.
NOTIC: [8] Undefined index: p E:\Program Files\phpStudy\WWW\TP_imooc_me\Application\Admin\Controller\PositioncontentController.class.php 第 22 行.
NOTIC: [8] Undefined index: pageSize E:\Program Files\phpStudy\WWW\TP_imooc_me\Application\Admin\Controller\PositioncontentController.class.php 第 23 行.
NOTIC: [2048] Declaration of Common\Model\PositionContentModel::select() should be compatible with that of Think\Model::select() E:\Program Files\phpStudy\WWW\TP_imooc_me\Application\Common\Model\PositionContentModel.class.php 第 82 行.
NOTIC: [2048] Declaration of Common\Model\PositionContentModel::find() should be compatible with that of Think\Model::find() E:\Program Files\phpStudy\WWW\TP_imooc_me\Application\Common\Model\PositionContentModel.class.php 第 82 行.
SQL: SHOW COLUMNS FROM `cms_position_content` [ RunTime:0.0163s ]
SQL: SELECT COUNT(*) AS tp_count FROM `cms_position_content` WHERE `position_id` = 3 AND `status` <> -1 LIMIT 1   [ RunTime:0.0010s ]
SQL: SELECT * FROM `cms_position_content` WHERE `position_id` = 3 AND `status` <> -1 ORDER BY listorder desc,id desc LIMIT 0,6   [ RunTime:0.0012s ]
INFO: [ view_parse ] --START--
INFO: [ template_filter ] --START--
INFO: Run Behavior\ContentReplaceBehavior [ RunTime:0.000260s ]
INFO: [ template_filter ] --END-- [ RunTime:0.000466s ]
NOTIC: [2048] Declaration of Common\Model\MenuModel::find() should be compatible with that of Think\Model::find() E:\Program Files\phpStudy\WWW\TP_imooc_me\Application\Common\Model\MenuModel.class.php 第 135 行.
SQL: SHOW COLUMNS FROM `cms_menu` [ RunTime:0.0158s ]
SQL: SELECT * FROM `cms_menu` WHERE `status` <> -1 AND `type` = 1 ORDER BY listorder desc,menu_id desc  [ RunTime:0.0012s ]
NOTIC: [8] Undefined variable: title E:\Program Files\phpStudy\WWW\TP_imooc_me\Application\Runtime\Cache\Admin\b8a8b9d170e6c07d7b463ea02385894d.php 第 119 行.
INFO: Run Behavior\ParseTemplateBehavior [ RunTime:0.064723s ]
INFO: [ view_parse ] --END-- [ RunTime:0.064979s ]
INFO: [ view_filter ] --START--
INFO: Run Behavior\WriteHtmlCacheBehavior [ RunTime:0.002233s ]
INFO: [ view_filter ] --END-- [ RunTime:0.002478s ]
INFO: [ app_end ] --START--
INFO: Run Behavior\ShowPageTraceBehavior [ RunTime:0.003249s ]
INFO: [ app_end ] --END-- [ RunTime:0.003577s ]

[ 2017-05-09T18:02:25+08:00 ] ::1 /admin.php?position_id=5&c=positioncontent&a=index&title=
INFO: [ app_init ] --START--
INFO: Run Behavior\BuildLiteBehavior [ RunTime:0.000025s ]
INFO: [ app_init ] --END-- [ RunTime:0.000692s ]
INFO: [ app_begin ] --START--
INFO: Run Behavior\ReadHtmlCacheBehavior [ RunTime:0.000743s ]
INFO: [ app_begin ] --END-- [ RunTime:0.000820s ]
NOTIC: [2048] Declaration of Common\Model\PositionModel::find() should be compatible with that of Think\Model::find() E:\Program Files\phpStudy\WWW\TP_imooc_me\Application\Common\Model\PositionModel.class.php 第 7 行.
SQL: SHOW COLUMNS FROM `cms_position` [ RunTime:0.0140s ]
NOTIC: [2] Missing argument 1 for Common\Model\PositionModel::getPositions(), called in E:\Program Files\phpStudy\WWW\TP_imooc_me\Application\Admin\Controller\PositioncontentController.class.php on line 14 and defined E:\Program Files\phpStudy\WWW\TP_imooc_me\Application\Common\Model\PositionModel.class.php 第 15 行.
NOTIC: [2] Missing argument 2 for Common\Model\PositionModel::getPositions(), called in E:\Program Files\phpStudy\WWW\TP_imooc_me\Application\Admin\Controller\PositioncontentController.class.php on line 14 and defined E:\Program Files\phpStudy\WWW\TP_imooc_me\Application\Common\Model\PositionModel.class.php 第 15 行.
NOTIC: [2] Missing argument 3 for Common\Model\PositionModel::getPositions(), called in E:\Program Files\phpStudy\WWW\TP_imooc_me\Application\Admin\Controller\PositioncontentController.class.php on line 14 and defined E:\Program Files\phpStudy\WWW\TP_imooc_me\Application\Common\Model\PositionModel.class.php 第 15 行.
NOTIC: [8] Undefined variable: page E:\Program Files\phpStudy\WWW\TP_imooc_me\Application\Common\Model\PositionModel.class.php 第 18 行.
NOTIC: [8] Undefined variable: pageSize E:\Program Files\phpStudy\WWW\TP_imooc_me\Application\Common\Model\PositionModel.class.php 第 18 行.
NOTIC: [8] Undefined variable: pageSize E:\Program Files\phpStudy\WWW\TP_imooc_me\Application\Common\Model\PositionModel.class.php 第 19 行.
SQL: SELECT * FROM `cms_position` WHERE `status` <> -1 ORDER BY id  [ RunTime:0.0010s ]
NOTIC: [8] Undefined index: p E:\Program Files\phpStudy\WWW\TP_imooc_me\Application\Admin\Controller\PositioncontentController.class.php 第 22 行.
NOTIC: [8] Undefined index: pageSize E:\Program Files\phpStudy\WWW\TP_imooc_me\Application\Admin\Controller\PositioncontentController.class.php 第 23 行.
NOTIC: [2048] Declaration of Common\Model\PositionContentModel::select() should be compatible with that of Think\Model::select() E:\Program Files\phpStudy\WWW\TP_imooc_me\Application\Common\Model\PositionContentModel.class.php 第 82 行.
NOTIC: [2048] Declaration of Common\Model\PositionContentModel::find() should be compatible with that of Think\Model::find() E:\Program Files\phpStudy\WWW\TP_imooc_me\Application\Common\Model\PositionContentModel.class.php 第 82 行.
SQL: SHOW COLUMNS FROM `cms_position_content` [ RunTime:0.0151s ]
SQL: SELECT COUNT(*) AS tp_count FROM `cms_position_content` WHERE `position_id` = 5 AND `status` <> -1 LIMIT 1   [ RunTime:0.0010s ]
SQL: SELECT * FROM `cms_position_content` WHERE `position_id` = 5 AND `status` <> -1 ORDER BY listorder desc,id desc LIMIT 0,6   [ RunTime:0.0017s ]
INFO: [ view_parse ] --START--
INFO: [ template_filter ] --START--
INFO: Run Behavior\ContentReplaceBehavior [ RunTime:0.000163s ]
INFO: [ template_filter ] --END-- [ RunTime:0.000294s ]
NOTIC: [2048] Declaration of Common\Model\MenuModel::find() should be compatible with that of Think\Model::find() E:\Program Files\phpStudy\WWW\TP_imooc_me\Application\Common\Model\MenuModel.class.php 第 135 行.
SQL: SHOW COLUMNS FROM `cms_menu` [ RunTime:0.0095s ]
SQL: SELECT * FROM `cms_menu` WHERE `status` <> -1 AND `type` = 1 ORDER BY listorder desc,menu_id desc  [ RunTime:0.0007s ]
NOTIC: [8] Undefined variable: title E:\Program Files\phpStudy\WWW\TP_imooc_me\Application\Runtime\Cache\Admin\b8a8b9d170e6c07d7b463ea02385894d.php 第 119 行.
INFO: Run Behavior\ParseTemplateBehavior [ RunTime:0.053154s ]
INFO: [ view_parse ] --END-- [ RunTime:0.053337s ]
INFO: [ view_filter ] --START--
INFO: Run Behavior\WriteHtmlCacheBehavior [ RunTime:0.001101s ]
INFO: [ view_filter ] --END-- [ RunTime:0.001211s ]
INFO: [ app_end ] --START--
INFO: Run Behavior\ShowPageTraceBehavior [ RunTime:0.001906s ]
INFO: [ app_end ] --END-- [ RunTime:0.002068s ]

[ 2017-05-09T18:03:51+08:00 ] ::1 /admin.php?position_id=5&c=positioncontent&a=index&title=
INFO: [ app_init ] --START--
INFO: Run Behavior\BuildLiteBehavior [ RunTime:0.000017s ]
INFO: [ app_init ] --END-- [ RunTime:0.000605s ]
INFO: [ app_begin ] --START--
INFO: Run Behavior\ReadHtmlCacheBehavior [ RunTime:0.000750s ]
INFO: [ app_begin ] --END-- [ RunTime:0.000826s ]
NOTIC: [2048] Declaration of Common\Model\PositionModel::find() should be compatible with that of Think\Model::find() E:\Program Files\phpStudy\WWW\TP_imooc_me\Application\Common\Model\PositionModel.class.php 第 7 行.
SQL: SHOW COLUMNS FROM `cms_position` [ RunTime:0.0149s ]
NOTIC: [2] Missing argument 1 for Common\Model\PositionModel::getPositions(), called in E:\Program Files\phpStudy\WWW\TP_imooc_me\Application\Admin\Controller\PositioncontentController.class.php on line 14 and defined E:\Program Files\phpStudy\WWW\TP_imooc_me\Application\Common\Model\PositionModel.class.php 第 15 行.
NOTIC: [2] Missing argument 2 for Common\Model\PositionModel::getPositions(), called in E:\Program Files\phpStudy\WWW\TP_imooc_me\Application\Admin\Controller\PositioncontentController.class.php on line 14 and defined E:\Program Files\phpStudy\WWW\TP_imooc_me\Application\Common\Model\PositionModel.class.php 第 15 行.
NOTIC: [2] Missing argument 3 for Common\Model\PositionModel::getPositions(), called in E:\Program Files\phpStudy\WWW\TP_imooc_me\Application\Admin\Controller\PositioncontentController.class.php on line 14 and defined E:\Program Files\phpStudy\WWW\TP_imooc_me\Application\Common\Model\PositionModel.class.php 第 15 行.
NOTIC: [8] Undefined variable: page E:\Program Files\phpStudy\WWW\TP_imooc_me\Application\Common\Model\PositionModel.class.php 第 18 行.
NOTIC: [8] Undefined variable: pageSize E:\Program Files\phpStudy\WWW\TP_imooc_me\Application\Common\Model\PositionModel.class.php 第 18 行.
NOTIC: [8] Undefined variable: pageSize E:\Program Files\phpStudy\WWW\TP_imooc_me\Application\Common\Model\PositionModel.class.php 第 19 行.
SQL: SELECT * FROM `cms_position` WHERE `status` <> -1 ORDER BY id  [ RunTime:0.0011s ]
NOTIC: [8] Undefined index: p E:\Program Files\phpStudy\WWW\TP_imooc_me\Application\Admin\Controller\PositioncontentController.class.php 第 22 行.
NOTIC: [8] Undefined index: pageSize E:\Program Files\phpStudy\WWW\TP_imooc_me\Application\Admin\Controller\PositioncontentController.class.php 第 23 行.
NOTIC: [2048] Declaration of Common\Model\PositionContentModel::select() should be compatible with that of Think\Model::select() E:\Program Files\phpStudy\WWW\TP_imooc_me\Application\Common\Model\PositionContentModel.class.php 第 82 行.
NOTIC: [2048] Declaration of Common\Model\PositionContentModel::find() should be compatible with that of Think\Model::find() E:\Program Files\phpStudy\WWW\TP_imooc_me\Application\Common\Model\PositionContentModel.class.php 第 82 行.
SQL: SHOW COLUMNS FROM `cms_position_content` [ RunTime:0.0144s ]
SQL: SELECT COUNT(*) AS tp_count FROM `cms_position_content` WHERE `position_id` = 5 AND `status` <> -1 LIMIT 1   [ RunTime:0.0009s ]
SQL: SELECT * FROM `cms_position_content` WHERE `position_id` = 5 AND `status` <> -1 ORDER BY listorder desc,id desc LIMIT 0,6   [ RunTime:0.0012s ]
INFO: [ view_parse ] --START--
INFO: [ template_filter ] --START--
INFO: Run Behavior\ContentReplaceBehavior [ RunTime:0.000307s ]
INFO: [ template_filter ] --END-- [ RunTime:0.000569s ]
NOTIC: [2048] Declaration of Common\Model\MenuModel::find() should be compatible with that of Think\Model::find() E:\Program Files\phpStudy\WWW\TP_imooc_me\Application\Common\Model\MenuModel.class.php 第 135 行.
SQL: SHOW COLUMNS FROM `cms_menu` [ RunTime:0.0161s ]
SQL: SELECT * FROM `cms_menu` WHERE `status` <> -1 AND `type` = 1 ORDER BY listorder desc,menu_id desc  [ RunTime:0.0013s ]
NOTIC: [8] Undefined variable: title E:\Program Files\phpStudy\WWW\TP_imooc_me\Application\Runtime\Cache\Admin\b8a8b9d170e6c07d7b463ea02385894d.php 第 119 行.
INFO: Run Behavior\ParseTemplateBehavior [ RunTime:0.064579s ]
INFO: [ view_parse ] --END-- [ RunTime:0.064830s ]
INFO: [ view_filter ] --START--
INFO: Run Behavior\WriteHtmlCacheBehavior [ RunTime:0.002463s ]
INFO: [ view_filter ] --END-- [ RunTime:0.002734s ]
INFO: [ app_end ] --START--
INFO: Run Behavior\ShowPageTraceBehavior [ RunTime:0.003455s ]
INFO: [ app_end ] --END-- [ RunTime:0.003747s ]

[ 2017-05-09T18:04:05+08:00 ] ::1 /admin.php?c=positioncontent&a=edit&id=44
INFO: [ app_init ] --START--
INFO: Run Behavior\BuildLiteBehavior [ RunTime:0.000024s ]
INFO: [ app_init ] --END-- [ RunTime:0.000632s ]
INFO: [ app_begin ] --START--
INFO: Run Behavior\ReadHtmlCacheBehavior [ RunTime:0.000845s ]
INFO: [ app_begin ] --END-- [ RunTime:0.000910s ]
NOTIC: [2048] Declaration of Common\Model\PositionContentModel::select() should be compatible with that of Think\Model::select() E:\Program Files\phpStudy\WWW\TP_imooc_me\Application\Common\Model\PositionContentModel.class.php 第 7 行.
NOTIC: [2048] Declaration of Common\Model\PositionContentModel::find() should be compatible with that of Think\Model::find() E:\Program Files\phpStudy\WWW\TP_imooc_me\Application\Common\Model\PositionContentModel.class.php 第 7 行.
SQL: SHOW COLUMNS FROM `cms_position_content` [ RunTime:0.0142s ]
SQL: SELECT * FROM `cms_position_content` WHERE ( id=44 ) LIMIT 1   [ RunTime:0.0010s ]
NOTIC: [2048] Declaration of Common\Model\PositionModel::find() should be compatible with that of Think\Model::find() E:\Program Files\phpStudy\WWW\TP_imooc_me\Application\Common\Model\PositionModel.class.php 第 64 行.
SQL: SHOW COLUMNS FROM `cms_position` [ RunTime:0.0163s ]
NOTIC: [2] Missing argument 1 for Common\Model\PositionModel::getPositions(), called in E:\Program Files\phpStudy\WWW\TP_imooc_me\Application\Admin\Controller\PositioncontentController.class.php on line 84 and defined E:\Program Files\phpStudy\WWW\TP_imooc_me\Application\Common\Model\PositionModel.class.php 第 15 行.
NOTIC: [2] Missing argument 2 for Common\Model\PositionModel::getPositions(), called in E:\Program Files\phpStudy\WWW\TP_imooc_me\Application\Admin\Controller\PositioncontentController.class.php on line 84 and defined E:\Program Files\phpStudy\WWW\TP_imooc_me\Application\Common\Model\PositionModel.class.php 第 15 行.
NOTIC: [2] Missing argument 3 for Common\Model\PositionModel::getPositions(), called in E:\Program Files\phpStudy\WWW\TP_imooc_me\Application\Admin\Controller\PositioncontentController.class.php on line 84 and defined E:\Program Files\phpStudy\WWW\TP_imooc_me\Application\Common\Model\PositionModel.class.php 第 15 行.
NOTIC: [8] Undefined variable: page E:\Program Files\phpStudy\WWW\TP_imooc_me\Application\Common\Model\PositionModel.class.php 第 18 行.
NOTIC: [8] Undefined variable: pageSize E:\Program Files\phpStudy\WWW\TP_imooc_me\Application\Common\Model\PositionModel.class.php 第 18 行.
NOTIC: [8] Undefined variable: pageSize E:\Program Files\phpStudy\WWW\TP_imooc_me\Application\Common\Model\PositionModel.class.php 第 19 行.
SQL: SELECT * FROM `cms_position` WHERE `status` <> -1 ORDER BY id  [ RunTime:0.0011s ]
INFO: [ view_parse ] --START--
INFO: [ template_filter ] --START--
INFO: Run Behavior\ContentReplaceBehavior [ RunTime:0.000252s ]
INFO: [ template_filter ] --END-- [ RunTime:0.000521s ]
NOTIC: [2048] Declaration of Common\Model\MenuModel::find() should be compatible with that of Think\Model::find() E:\Program Files\phpStudy\WWW\TP_imooc_me\Application\Common\Model\MenuModel.class.php 第 135 行.
SQL: SHOW COLUMNS FROM `cms_menu` [ RunTime:0.0153s ]
SQL: SELECT * FROM `cms_menu` WHERE `status` <> -1 AND `type` = 1 ORDER BY listorder desc,menu_id desc  [ RunTime:0.0011s ]
INFO: Run Behavior\ParseTemplateBehavior [ RunTime:0.062159s ]
INFO: [ view_parse ] --END-- [ RunTime:0.062350s ]
INFO: [ view_filter ] --START--
INFO: Run Behavior\WriteHtmlCacheBehavior [ RunTime:0.001778s ]
INFO: [ view_filter ] --END-- [ RunTime:0.001946s ]
INFO: [ app_end ] --START--
INFO: Run Behavior\ShowPageTraceBehavior [ RunTime:0.002284s ]
INFO: [ app_end ] --END-- [ RunTime:0.002463s ]

[ 2017-05-09T18:05:33+08:00 ] ::1 /admin.php
INFO: [ app_init ] --START--
INFO: Run Behavior\BuildLiteBehavior [ RunTime:0.000022s ]
INFO: [ app_init ] --END-- [ RunTime:0.000977s ]
INFO: [ app_begin ] --START--
INFO: Run Behavior\ReadHtmlCacheBehavior [ RunTime:0.000773s ]
INFO: [ app_begin ] --END-- [ RunTime:0.000870s ]
NOTIC: [2048] Declaration of Common\Model\NewsModel::find() should be compatible with that of Think\Model::find() E:\Program Files\phpStudy\WWW\TP_imooc_me\Application\Common\Model\NewsModel.class.php 第 7 行.
SQL: SHOW COLUMNS FROM `cms_news` [ RunTime:0.0166s ]
SQL: SELECT * FROM `cms_news` WHERE `status` = 1 ORDER BY count desc LIMIT 1   [ RunTime:0.0013s ]
SQL: SELECT COUNT(*) AS tp_count FROM `cms_news` WHERE `status` = 1 LIMIT 1   [ RunTime:0.0009s ]
NOTIC: [2048] Declaration of Common\Model\PositionModel::find() should be compatible with that of Think\Model::find() E:\Program Files\phpStudy\WWW\TP_imooc_me\Application\Common\Model\PositionModel.class.php 第 64 行.
SQL: SHOW COLUMNS FROM `cms_position` [ RunTime:0.0137s ]
SQL: SELECT COUNT(*) AS tp_count FROM `cms_position` WHERE `status` <> -1 LIMIT 1   [ RunTime:0.0009s ]
SQL: SHOW COLUMNS FROM `cms_admin` [ RunTime:0.0158s ]
SQL: SELECT COUNT(*) AS tp_count FROM `cms_admin` WHERE `status` = 1 AND `lastlogintime` > 1494259200 LIMIT 1   [ RunTime:0.0009s ]
INFO: [ view_parse ] --START--
INFO: [ template_filter ] --START--
INFO: Run Behavior\ContentReplaceBehavior [ RunTime:0.000224s ]
INFO: [ template_filter ] --END-- [ RunTime:0.000451s ]
NOTIC: [2048] Declaration of Common\Model\MenuModel::find() should be compatible with that of Think\Model::find() E:\Program Files\phpStudy\WWW\TP_imooc_me\Application\Common\Model\MenuModel.class.php 第 135 行.
SQL: SHOW COLUMNS FROM `cms_menu` [ RunTime:0.0166s ]
SQL: SELECT * FROM `cms_menu` WHERE `status` <> -1 AND `type` = 1 ORDER BY listorder desc,menu_id desc  [ RunTime:0.0011s ]
INFO: Run Behavior\ParseTemplateBehavior [ RunTime:0.054258s ]
INFO: [ view_parse ] --END-- [ RunTime:0.054542s ]
INFO: [ view_filter ] --START--
INFO: Run Behavior\WriteHtmlCacheBehavior [ RunTime:0.002959s ]
INFO: [ view_filter ] --END-- [ RunTime:0.003158s ]
INFO: [ app_end ] --START--
INFO: Run Behavior\ShowPageTraceBehavior [ RunTime:0.003608s ]
INFO: [ app_end ] --END-- [ RunTime:0.004068s ]

[ 2017-05-09T18:05:49+08:00 ] ::1 /admin.php
INFO: [ app_init ] --START--
INFO: Run Behavior\BuildLiteBehavior [ RunTime:0.000021s ]
INFO: [ app_init ] --END-- [ RunTime:0.000545s ]
INFO: [ app_begin ] --START--
INFO: Run Behavior\ReadHtmlCacheBehavior [ RunTime:0.000678s ]
INFO: [ app_begin ] --END-- [ RunTime:0.000759s ]
NOTIC: [2048] Declaration of Common\Model\NewsModel::find() should be compatible with that of Think\Model::find() E:\Program Files\phpStudy\WWW\TP_imooc_me\Application\Common\Model\NewsModel.class.php 第 7 行.
SQL: SHOW COLUMNS FROM `cms_news` [ RunTime:0.0147s ]
SQL: SELECT * FROM `cms_news` WHERE `status` = 1 ORDER BY count desc LIMIT 1   [ RunTime:0.0013s ]
SQL: SELECT COUNT(*) AS tp_count FROM `cms_news` WHERE `status` = 1 LIMIT 1   [ RunTime:0.0008s ]
NOTIC: [2048] Declaration of Common\Model\PositionModel::find() should be compatible with that of Think\Model::find() E:\Program Files\phpStudy\WWW\TP_imooc_me\Application\Common\Model\PositionModel.class.php 第 64 行.
SQL: SHOW COLUMNS FROM `cms_position` [ RunTime:0.0145s ]
SQL: SELECT COUNT(*) AS tp_count FROM `cms_position` WHERE `status` <> -1 LIMIT 1   [ RunTime:0.0009s ]
SQL: SHOW COLUMNS FROM `cms_admin` [ RunTime:0.0166s ]
SQL: SELECT COUNT(*) AS tp_count FROM `cms_admin` WHERE `status` = 1 AND `lastlogintime` > 1494259200 LIMIT 1   [ RunTime:0.0010s ]
INFO: [ view_parse ] --START--
INFO: [ template_filter ] --START--
INFO: Run Behavior\ContentReplaceBehavior [ RunTime:0.000230s ]
INFO: [ template_filter ] --END-- [ RunTime:0.000434s ]
NOTIC: [2048] Declaration of Common\Model\MenuModel::find() should be compatible with that of Think\Model::find() E:\Program Files\phpStudy\WWW\TP_imooc_me\Application\Common\Model\MenuModel.class.php 第 135 行.
SQL: SHOW COLUMNS FROM `cms_menu` [ RunTime:0.0158s ]
SQL: SELECT * FROM `cms_menu` WHERE `status` <> -1 AND `type` = 1 ORDER BY listorder desc,menu_id desc  [ RunTime:0.0011s ]
INFO: Run Behavior\ParseTemplateBehavior [ RunTime:0.053472s ]
INFO: [ view_parse ] --END-- [ RunTime:0.053702s ]
INFO: [ view_filter ] --START--
INFO: Run Behavior\WriteHtmlCacheBehavior [ RunTime:0.001831s ]
INFO: [ view_filter ] --END-- [ RunTime:0.002041s ]
INFO: [ app_end ] --START--
INFO: Run Behavior\ShowPageTraceBehavior [ RunTime:0.003622s ]
INFO: [ app_end ] --END-- [ RunTime:0.003898s ]

